2026-06-02 19:06:51 INFO  [main] c.d.j.JobplanetcrawlerApplicationKt - Starting JobplanetcrawlerApplicationKt using Java 21.0.10 with PID 37012 (C:\Users\HP657\Desktop\Projects\jobkoreacrawler\build\classes\kotlin\main started by HP657 in C:\Users\HP657\Desktop\Projects\jobkoreacrawler)
2026-06-02 19:06:51 INFO  [main] c.d.j.JobplanetcrawlerApplicationKt - No active profile set, falling back to 1 default profile: "default"
2026-06-02 19:06:52 INFO  [main] o.s.d.r.c.RepositoryConfigurationDelegate - Bootstrapping Spring Data JPA repositories in DEFAULT mode.
2026-06-02 19:06:52 INFO  [main] o.s.d.r.c.RepositoryConfigurationDelegate - Finished Spring Data repository scanning in 157 ms. Found 2 JPA repository interfaces.
2026-06-02 19:06:53 INFO  [main] o.s.b.w.e.tomcat.TomcatWebServer - Tomcat initialized with port 8080 (http)
2026-06-02 19:06:53 INFO  [main] o.a.coyote.http11.Http11NioProtocol - Initializing ProtocolHandler ["http-nio-8080"]
2026-06-02 19:06:53 INFO  [main] o.a.catalina.core.StandardService - Starting service [Tomcat]
2026-06-02 19:06:53 INFO  [main] o.a.catalina.core.StandardEngine - Starting Servlet engine: [Apache Tomcat/10.1.55]
2026-06-02 19:06:53 INFO  [main] o.a.c.c.C.[Tomcat].[localhost].[/] - Initializing Spring embedded WebApplicationContext
2026-06-02 19:06:53 INFO  [main] o.s.b.w.s.c.ServletWebServerApplicationContext - Root WebApplicationContext: initialization completed in 1713 ms
2026-06-02 19:06:53 INFO  [main] o.h.jpa.internal.util.LogHelper - HHH000204: Processing PersistenceUnitInfo [name: default]
2026-06-02 19:06:53 INFO  [main] org.hibernate.Version - HHH000412: Hibernate ORM core version 6.6.51.Final
2026-06-02 19:06:53 INFO  [main] o.h.c.i.RegionFactoryInitiator - HHH000026: Second-level cache disabled
2026-06-02 19:06:54 INFO  [main] o.s.o.j.p.SpringPersistenceUnitInfo - No LoadTimeWeaver setup: ignoring JPA class transformer
2026-06-02 19:06:54 INFO  [main] com.zaxxer.hikari.HikariDataSource - HikariPool-1 - Starting...
2026-06-02 19:06:54 INFO  [main] com.zaxxer.hikari.pool.HikariPool - HikariPool-1 - Added connection org.postgresql.jdbc.PgConnection@6fe5da76
2026-06-02 19:06:54 INFO  [main] com.zaxxer.hikari.HikariDataSource - HikariPool-1 - Start completed.
2026-06-02 19:06:54 WARN  [main] org.hibernate.orm.deprecation - HHH90000025: PostgreSQLDialect does not need to be specified explicitly using 'hibernate.dialect' (remove the property setting and it will be selected by default)
2026-06-02 19:06:54 INFO  [main] o.hibernate.orm.connections.pooling - HHH10001005: Database info:
	Database JDBC URL [Connecting through datasource 'HikariDataSource (HikariPool-1)']
	Database driver: undefined/unknown
	Database version: 17.9
	Autocommit mode: undefined/unknown
	Isolation level: undefined/unknown
	Minimum pool size: undefined/unknown
	Maximum pool size: undefined/unknown
2026-06-02 19:06:55 INFO  [main] o.h.e.t.j.p.i.JtaPlatformInitiator - HHH000489: No JTA platform available (set 'hibernate.transaction.jta.platform' to enable JTA platform integration)
2026-06-02 19:06:55 DEBUG [main] org.hibernate.SQL - 
    create table job_opening_skills (
        id bigint generated by default as identity,
        job_opening_id bigint,
        skill_id bigint,
        primary key (id)
    )
2026-06-02 19:06:55 DEBUG [main] org.hibernate.SQL - 
    create table job_openings (
        id bigint generated by default as identity,
        company_name varchar(255) not null,
        deadline varchar(255),
        experience varchar(255),
        link varchar(1000) not null,
        location varchar(255),
        title varchar(255) not null,
        primary key (id)
    )
2026-06-02 19:06:55 DEBUG [main] org.hibernate.SQL - 
    create table skills (
        id bigint generated by default as identity,
        name varchar(255) not null,
        primary key (id)
    )
2026-06-02 19:06:55 DEBUG [main] org.hibernate.SQL - 
    alter table if exists job_openings 
       drop constraint if exists uk_job_link_title
2026-06-02 19:06:55 WARN  [main] o.h.e.jdbc.spi.SqlExceptionHelper - SQL Warning Code: 0, SQLState: 00000
2026-06-02 19:06:55 WARN  [main] o.h.e.jdbc.spi.SqlExceptionHelper - constraint "uk_job_link_title" of relation "job_openings" does not exist, skipping
2026-06-02 19:06:55 DEBUG [main] org.hibernate.SQL - 
    alter table if exists job_openings 
       add constraint uk_job_link_title unique (link, title)
2026-06-02 19:06:55 DEBUG [main] org.hibernate.SQL - 
    alter table if exists skills 
       drop constraint if exists UK85woe63nu9klkk9fa73vf0jd0
2026-06-02 19:06:55 WARN  [main] o.h.e.jdbc.spi.SqlExceptionHelper - SQL Warning Code: 0, SQLState: 00000
2026-06-02 19:06:55 WARN  [main] o.h.e.jdbc.spi.SqlExceptionHelper - constraint "uk85woe63nu9klkk9fa73vf0jd0" of relation "skills" does not exist, skipping
2026-06-02 19:06:55 DEBUG [main] org.hibernate.SQL - 
    alter table if exists skills 
       add constraint UK85woe63nu9klkk9fa73vf0jd0 unique (name)
2026-06-02 19:06:55 DEBUG [main] org.hibernate.SQL - 
    alter table if exists job_opening_skills 
       add constraint FKn7cafxv768h8uls4v0ibp6u1j 
       foreign key (job_opening_id) 
       references job_openings
2026-06-02 19:06:55 DEBUG [main] org.hibernate.SQL - 
    alter table if exists job_opening_skills 
       add constraint FK2wfvixuhqkjxeoir0256i0xan 
       foreign key (skill_id) 
       references skills
2026-06-02 19:06:55 INFO  [main] o.s.o.j.LocalContainerEntityManagerFactoryBean - Initialized JPA EntityManagerFactory for persistence unit 'default'
2026-06-02 19:06:55 WARN  [main] o.s.b.w.s.c.AnnotationConfigServletWebServerApplicationContext - Exception encountered during context initialization - cancelling refresh attempt: org.springframework.beans.factory.UnsatisfiedDependencyException: Error creating bean with name 'jobPlanetCrawlerScheduler' defined in file [C:\Users\HP657\Desktop\Projects\jobkoreacrawler\build\classes\kotlin\main\com\datascience\jobplanetcrawler\crawler\scheduler\JobPlanetCrawlerScheduler.class]: Unsatisfied dependency expressed through constructor parameter 0: Error creating bean with name 'jobPlanetCrawler' defined in file [C:\Users\HP657\Desktop\Projects\jobkoreacrawler\build\classes\kotlin\main\com\datascience\jobplanetcrawler\crawler\service\JobPlanetCrawler.class]: Unsatisfied dependency expressed through constructor parameter 0: No qualifying bean of type 'org.springframework.web.client.RestTemplate' available: expected at least 1 bean which qualifies as autowire candidate. Dependency annotations: {}
2026-06-02 19:06:55 INFO  [main] o.s.o.j.LocalContainerEntityManagerFactoryBean - Closing JPA EntityManagerFactory for persistence unit 'default'
2026-06-02 19:06:55 INFO  [main] com.zaxxer.hikari.HikariDataSource - HikariPool-1 - Shutdown initiated...
2026-06-02 19:06:55 INFO  [main] com.zaxxer.hikari.HikariDataSource - HikariPool-1 - Shutdown completed.
2026-06-02 19:06:55 INFO  [main] o.a.catalina.core.StandardService - Stopping service [Tomcat]
2026-06-02 19:06:55 INFO  [main] o.s.b.a.l.ConditionEvaluationReportLogger - 

Error starting ApplicationContext. To display the condition evaluation report re-run your application with 'debug' enabled.
2026-06-02 19:06:55 ERROR [main] o.s.b.d.LoggingFailureAnalysisReporter - 

***************************
APPLICATION FAILED TO START
***************************

Description:

Parameter 0 of constructor in com.datascience.jobplanetcrawler.crawler.service.JobPlanetCrawler required a bean of type 'org.springframework.web.client.RestTemplate' that could not be found.


Action:

Consider defining a bean of type 'org.springframework.web.client.RestTemplate' in your configuration.

2026-06-02 19:07:19 INFO  [main] c.d.j.JobplanetcrawlerApplicationKt - Starting JobplanetcrawlerApplicationKt using Java 21.0.10 with PID 29016 (C:\Users\HP657\Desktop\Projects\jobkoreacrawler\build\classes\kotlin\main started by HP657 in C:\Users\HP657\Desktop\Projects\jobkoreacrawler)
2026-06-02 19:07:19 INFO  [main] c.d.j.JobplanetcrawlerApplicationKt - No active profile set, falling back to 1 default profile: "default"
2026-06-02 19:07:20 INFO  [main] o.s.d.r.c.RepositoryConfigurationDelegate - Bootstrapping Spring Data JPA repositories in DEFAULT mode.
2026-06-02 19:07:20 INFO  [main] o.s.d.r.c.RepositoryConfigurationDelegate - Finished Spring Data repository scanning in 182 ms. Found 2 JPA repository interfaces.
2026-06-02 19:07:21 INFO  [main] o.s.b.w.e.tomcat.TomcatWebServer - Tomcat initialized with port 8080 (http)
2026-06-02 19:07:21 INFO  [main] o.a.coyote.http11.Http11NioProtocol - Initializing ProtocolHandler ["http-nio-8080"]
2026-06-02 19:07:21 INFO  [main] o.a.catalina.core.StandardService - Starting service [Tomcat]
2026-06-02 19:07:21 INFO  [main] o.a.catalina.core.StandardEngine - Starting Servlet engine: [Apache Tomcat/10.1.55]
2026-06-02 19:07:21 INFO  [main] o.a.c.c.C.[Tomcat].[localhost].[/] - Initializing Spring embedded WebApplicationContext
2026-06-02 19:07:21 INFO  [main] o.s.b.w.s.c.ServletWebServerApplicationContext - Root WebApplicationContext: initialization completed in 1599 ms
2026-06-02 19:07:21 INFO  [main] o.h.jpa.internal.util.LogHelper - HHH000204: Processing PersistenceUnitInfo [name: default]
2026-06-02 19:07:21 INFO  [main] org.hibernate.Version - HHH000412: Hibernate ORM core version 6.6.51.Final
2026-06-02 19:07:21 INFO  [main] o.h.c.i.RegionFactoryInitiator - HHH000026: Second-level cache disabled
2026-06-02 19:07:22 INFO  [main] o.s.o.j.p.SpringPersistenceUnitInfo - No LoadTimeWeaver setup: ignoring JPA class transformer
2026-06-02 19:07:22 INFO  [main] com.zaxxer.hikari.HikariDataSource - HikariPool-1 - Starting...
2026-06-02 19:07:22 INFO  [main] com.zaxxer.hikari.pool.HikariPool - HikariPool-1 - Added connection org.postgresql.jdbc.PgConnection@4bff28e7
2026-06-02 19:07:22 INFO  [main] com.zaxxer.hikari.HikariDataSource - HikariPool-1 - Start completed.
2026-06-02 19:07:22 WARN  [main] org.hibernate.orm.deprecation - HHH90000025: PostgreSQLDialect does not need to be specified explicitly using 'hibernate.dialect' (remove the property setting and it will be selected by default)
2026-06-02 19:07:22 INFO  [main] o.hibernate.orm.connections.pooling - HHH10001005: Database info:
	Database JDBC URL [Connecting through datasource 'HikariDataSource (HikariPool-1)']
	Database driver: undefined/unknown
	Database version: 17.9
	Autocommit mode: undefined/unknown
	Isolation level: undefined/unknown
	Minimum pool size: undefined/unknown
	Maximum pool size: undefined/unknown
2026-06-02 19:07:23 INFO  [main] o.h.e.t.j.p.i.JtaPlatformInitiator - HHH000489: No JTA platform available (set 'hibernate.transaction.jta.platform' to enable JTA platform integration)
2026-06-02 19:07:23 INFO  [main] o.s.o.j.LocalContainerEntityManagerFactoryBean - Initialized JPA EntityManagerFactory for persistence unit 'default'
2026-06-02 19:07:23 WARN  [main] o.s.b.w.s.c.AnnotationConfigServletWebServerApplicationContext - Exception encountered during context initialization - cancelling refresh attempt: org.springframework.beans.factory.UnsatisfiedDependencyException: Error creating bean with name 'jobPlanetCrawlerScheduler' defined in file [C:\Users\HP657\Desktop\Projects\jobkoreacrawler\build\classes\kotlin\main\com\datascience\jobplanetcrawler\crawler\scheduler\JobPlanetCrawlerScheduler.class]: Unsatisfied dependency expressed through constructor parameter 0: Error creating bean with name 'jobPlanetCrawler' defined in file [C:\Users\HP657\Desktop\Projects\jobkoreacrawler\build\classes\kotlin\main\com\datascience\jobplanetcrawler\crawler\service\JobPlanetCrawler.class]: Unsatisfied dependency expressed through constructor parameter 0: No qualifying bean of type 'org.springframework.web.client.RestTemplate' available: expected at least 1 bean which qualifies as autowire candidate. Dependency annotations: {}
2026-06-02 19:07:23 INFO  [main] o.s.o.j.LocalContainerEntityManagerFactoryBean - Closing JPA EntityManagerFactory for persistence unit 'default'
2026-06-02 19:07:23 INFO  [main] com.zaxxer.hikari.HikariDataSource - HikariPool-1 - Shutdown initiated...
2026-06-02 19:07:23 INFO  [main] com.zaxxer.hikari.HikariDataSource - HikariPool-1 - Shutdown completed.
2026-06-02 19:07:23 INFO  [main] o.a.catalina.core.StandardService - Stopping service [Tomcat]
2026-06-02 19:07:23 INFO  [main] o.s.b.a.l.ConditionEvaluationReportLogger - 

Error starting ApplicationContext. To display the condition evaluation report re-run your application with 'debug' enabled.
2026-06-02 19:07:23 ERROR [main] o.s.b.d.LoggingFailureAnalysisReporter - 

***************************
APPLICATION FAILED TO START
***************************

Description:

Parameter 0 of constructor in com.datascience.jobplanetcrawler.crawler.service.JobPlanetCrawler required a bean of type 'org.springframework.web.client.RestTemplate' that could not be found.


Action:

Consider defining a bean of type 'org.springframework.web.client.RestTemplate' in your configuration.

2026-06-02 19:08:56 INFO  [main] c.d.j.JobplanetcrawlerApplicationKt - Starting JobplanetcrawlerApplicationKt using Java 21.0.10 with PID 28668 (C:\Users\HP657\Desktop\Projects\jobkoreacrawler\build\classes\kotlin\main started by HP657 in C:\Users\HP657\Desktop\Projects\jobkoreacrawler)
2026-06-02 19:08:56 INFO  [main] c.d.j.JobplanetcrawlerApplicationKt - No active profile set, falling back to 1 default profile: "default"
2026-06-02 19:08:57 INFO  [main] o.s.d.r.c.RepositoryConfigurationDelegate - Bootstrapping Spring Data JPA repositories in DEFAULT mode.
2026-06-02 19:08:57 INFO  [main] o.s.d.r.c.RepositoryConfigurationDelegate - Finished Spring Data repository scanning in 192 ms. Found 2 JPA repository interfaces.
2026-06-02 19:08:58 INFO  [main] o.s.b.w.e.tomcat.TomcatWebServer - Tomcat initialized with port 8080 (http)
2026-06-02 19:08:58 INFO  [main] o.a.coyote.http11.Http11NioProtocol - Initializing ProtocolHandler ["http-nio-8080"]
2026-06-02 19:08:58 INFO  [main] o.a.catalina.core.StandardService - Starting service [Tomcat]
2026-06-02 19:08:58 INFO  [main] o.a.catalina.core.StandardEngine - Starting Servlet engine: [Apache Tomcat/10.1.55]
2026-06-02 19:08:58 INFO  [main] o.a.c.c.C.[Tomcat].[localhost].[/] - Initializing Spring embedded WebApplicationContext
2026-06-02 19:08:58 INFO  [main] o.s.b.w.s.c.ServletWebServerApplicationContext - Root WebApplicationContext: initialization completed in 1699 ms
2026-06-02 19:08:58 INFO  [main] o.h.jpa.internal.util.LogHelper - HHH000204: Processing PersistenceUnitInfo [name: default]
2026-06-02 19:08:58 INFO  [main] org.hibernate.Version - HHH000412: Hibernate ORM core version 6.6.51.Final
2026-06-02 19:08:58 INFO  [main] o.h.c.i.RegionFactoryInitiator - HHH000026: Second-level cache disabled
2026-06-02 19:08:59 INFO  [main] o.s.o.j.p.SpringPersistenceUnitInfo - No LoadTimeWeaver setup: ignoring JPA class transformer
2026-06-02 19:08:59 INFO  [main] com.zaxxer.hikari.HikariDataSource - HikariPool-1 - Starting...
2026-06-02 19:08:59 INFO  [main] com.zaxxer.hikari.pool.HikariPool - HikariPool-1 - Added connection org.postgresql.jdbc.PgConnection@584136c1
2026-06-02 19:08:59 INFO  [main] com.zaxxer.hikari.HikariDataSource - HikariPool-1 - Start completed.
2026-06-02 19:08:59 WARN  [main] org.hibernate.orm.deprecation - HHH90000025: PostgreSQLDialect does not need to be specified explicitly using 'hibernate.dialect' (remove the property setting and it will be selected by default)
2026-06-02 19:08:59 INFO  [main] o.hibernate.orm.connections.pooling - HHH10001005: Database info:
	Database JDBC URL [Connecting through datasource 'HikariDataSource (HikariPool-1)']
	Database driver: undefined/unknown
	Database version: 17.9
	Autocommit mode: undefined/unknown
	Isolation level: undefined/unknown
	Minimum pool size: undefined/unknown
	Maximum pool size: undefined/unknown
2026-06-02 19:09:00 INFO  [main] o.h.e.t.j.p.i.JtaPlatformInitiator - HHH000489: No JTA platform available (set 'hibernate.transaction.jta.platform' to enable JTA platform integration)
2026-06-02 19:09:00 INFO  [main] o.s.o.j.LocalContainerEntityManagerFactoryBean - Initialized JPA EntityManagerFactory for persistence unit 'default'
2026-06-02 19:09:02 INFO  [main] i.g.bonigarcia.wdm.WebDriverManager - Using chromedriver 148.0.7778.178 (resolved driver for Chrome 148)
2026-06-02 19:09:02 INFO  [main] i.g.bonigarcia.wdm.WebDriverManager - Exporting webdriver.chrome.driver as C:\Users\HP657\.cache\selenium\chromedriver\win64\148.0.7778.178\chromedriver.exe
2026-06-02 19:09:03 WARN  [main] o.o.s.devtools.CdpVersionFinder - Unable to find CDP implementation matching 148
2026-06-02 19:09:03 WARN  [main] o.o.selenium.chromium.ChromiumDriver - Unable to find version of CDP to use for 148.0.7778.179. You may need to include a dependency on a specific version of the CDP using something similar to `org.seleniumhq.selenium:selenium-devtools-v86:4.31.0` where the version ("v86") matches the version of the chromium-based browser you're using and the version number of the artifact is the same as Selenium's.
2026-06-02 19:09:04 WARN  [main] o.s.b.a.o.j.JpaBaseConfiguration$JpaWebConfiguration - spring.jpa.open-in-view is enabled by default. Therefore, database queries may be performed during view rendering. Explicitly configure spring.jpa.open-in-view to disable this warning
2026-06-02 19:09:04 INFO  [main] o.a.coyote.http11.Http11NioProtocol - Starting ProtocolHandler ["http-nio-8080"]
2026-06-02 19:09:04 INFO  [main] o.s.b.w.e.tomcat.TomcatWebServer - Tomcat started on port 8080 (http) with context path '/'
2026-06-02 19:09:04 INFO  [main] c.d.j.JobplanetcrawlerApplicationKt - Started JobplanetcrawlerApplicationKt in 8.513 seconds (process running for 9.122)
2026-06-02 19:11:42 INFO  [main] c.d.j.JobplanetcrawlerApplicationKt - Starting JobplanetcrawlerApplicationKt using Java 21.0.10 with PID 38268 (C:\Users\HP657\Desktop\Projects\jobkoreacrawler\build\classes\kotlin\main started by HP657 in C:\Users\HP657\Desktop\Projects\jobkoreacrawler)
2026-06-02 19:11:42 INFO  [main] c.d.j.JobplanetcrawlerApplicationKt - No active profile set, falling back to 1 default profile: "default"
2026-06-02 19:11:42 INFO  [main] o.s.d.r.c.RepositoryConfigurationDelegate - Bootstrapping Spring Data JPA repositories in DEFAULT mode.
2026-06-02 19:11:43 INFO  [main] o.s.d.r.c.RepositoryConfigurationDelegate - Finished Spring Data repository scanning in 247 ms. Found 2 JPA repository interfaces.
2026-06-02 19:11:43 INFO  [main] o.s.b.w.e.tomcat.TomcatWebServer - Tomcat initialized with port 8080 (http)
2026-06-02 19:11:43 INFO  [main] o.a.coyote.http11.Http11NioProtocol - Initializing ProtocolHandler ["http-nio-8080"]
2026-06-02 19:11:43 INFO  [main] o.a.catalina.core.StandardService - Starting service [Tomcat]
2026-06-02 19:11:43 INFO  [main] o.a.catalina.core.StandardEngine - Starting Servlet engine: [Apache Tomcat/10.1.55]
2026-06-02 19:11:43 INFO  [main] o.a.c.c.C.[Tomcat].[localhost].[/] - Initializing Spring embedded WebApplicationContext
2026-06-02 19:11:43 INFO  [main] o.s.b.w.s.c.ServletWebServerApplicationContext - Root WebApplicationContext: initialization completed in 1826 ms
2026-06-02 19:11:44 INFO  [main] o.h.jpa.internal.util.LogHelper - HHH000204: Processing PersistenceUnitInfo [name: default]
2026-06-02 19:11:44 INFO  [main] org.hibernate.Version - HHH000412: Hibernate ORM core version 6.6.51.Final
2026-06-02 19:11:44 INFO  [main] o.h.c.i.RegionFactoryInitiator - HHH000026: Second-level cache disabled
2026-06-02 19:11:44 INFO  [main] o.s.o.j.p.SpringPersistenceUnitInfo - No LoadTimeWeaver setup: ignoring JPA class transformer
2026-06-02 19:11:44 INFO  [main] com.zaxxer.hikari.HikariDataSource - HikariPool-1 - Starting...
2026-06-02 19:11:45 INFO  [main] com.zaxxer.hikari.pool.HikariPool - HikariPool-1 - Added connection org.postgresql.jdbc.PgConnection@584136c1
2026-06-02 19:11:45 INFO  [main] com.zaxxer.hikari.HikariDataSource - HikariPool-1 - Start completed.
2026-06-02 19:11:45 WARN  [main] org.hibernate.orm.deprecation - HHH90000025: PostgreSQLDialect does not need to be specified explicitly using 'hibernate.dialect' (remove the property setting and it will be selected by default)
2026-06-02 19:11:45 INFO  [main] o.hibernate.orm.connections.pooling - HHH10001005: Database info:
	Database JDBC URL [Connecting through datasource 'HikariDataSource (HikariPool-1)']
	Database driver: undefined/unknown
	Database version: 17.9
	Autocommit mode: undefined/unknown
	Isolation level: undefined/unknown
	Minimum pool size: undefined/unknown
	Maximum pool size: undefined/unknown
2026-06-02 19:11:46 INFO  [main] o.h.e.t.j.p.i.JtaPlatformInitiator - HHH000489: No JTA platform available (set 'hibernate.transaction.jta.platform' to enable JTA platform integration)
2026-06-02 19:11:46 INFO  [main] o.s.o.j.LocalContainerEntityManagerFactoryBean - Initialized JPA EntityManagerFactory for persistence unit 'default'
2026-06-02 19:11:48 INFO  [main] i.g.bonigarcia.wdm.WebDriverManager - Using chromedriver 148.0.7778.178 (resolved driver for Chrome 148)
2026-06-02 19:11:48 INFO  [main] i.g.bonigarcia.wdm.WebDriverManager - Exporting webdriver.chrome.driver as C:\Users\HP657\.cache\selenium\chromedriver\win64\148.0.7778.178\chromedriver.exe
2026-06-02 19:11:49 WARN  [main] o.o.s.devtools.CdpVersionFinder - Unable to find CDP implementation matching 148
2026-06-02 19:11:49 WARN  [main] o.o.selenium.chromium.ChromiumDriver - Unable to find version of CDP to use for 148.0.7778.179. You may need to include a dependency on a specific version of the CDP using something similar to `org.seleniumhq.selenium:selenium-devtools-v86:4.31.0` where the version ("v86") matches the version of the chromium-based browser you're using and the version number of the artifact is the same as Selenium's.
2026-06-02 19:11:49 WARN  [main] o.s.b.a.o.j.JpaBaseConfiguration$JpaWebConfiguration - spring.jpa.open-in-view is enabled by default. Therefore, database queries may be performed during view rendering. Explicitly configure spring.jpa.open-in-view to disable this warning
2026-06-02 19:11:50 INFO  [main] o.a.coyote.http11.Http11NioProtocol - Starting ProtocolHandler ["http-nio-8080"]
2026-06-02 19:11:50 INFO  [main] o.s.b.w.e.tomcat.TomcatWebServer - Tomcat started on port 8080 (http) with context path '/'
2026-06-02 19:11:50 INFO  [main] c.d.j.JobplanetcrawlerApplicationKt - Started JobplanetcrawlerApplicationKt in 9.278 seconds (process running for 9.771)
2026-06-02 19:15:54 INFO  [main] c.d.j.JobplanetcrawlerApplicationKt - Starting JobplanetcrawlerApplicationKt using Java 21.0.10 with PID 16076 (C:\Users\HP657\Desktop\Projects\jobkoreacrawler\build\classes\kotlin\main started by HP657 in C:\Users\HP657\Desktop\Projects\jobkoreacrawler)
2026-06-02 19:15:54 INFO  [main] c.d.j.JobplanetcrawlerApplicationKt - No active profile set, falling back to 1 default profile: "default"
2026-06-02 19:15:55 INFO  [main] o.s.d.r.c.RepositoryConfigurationDelegate - Bootstrapping Spring Data JPA repositories in DEFAULT mode.
2026-06-02 19:15:55 INFO  [main] o.s.d.r.c.RepositoryConfigurationDelegate - Finished Spring Data repository scanning in 170 ms. Found 2 JPA repository interfaces.
2026-06-02 19:15:56 INFO  [main] o.s.b.w.e.tomcat.TomcatWebServer - Tomcat initialized with port 8080 (http)
2026-06-02 19:15:56 INFO  [main] o.a.coyote.http11.Http11NioProtocol - Initializing ProtocolHandler ["http-nio-8080"]
2026-06-02 19:15:56 INFO  [main] o.a.catalina.core.StandardService - Starting service [Tomcat]
2026-06-02 19:15:56 INFO  [main] o.a.catalina.core.StandardEngine - Starting Servlet engine: [Apache Tomcat/10.1.55]
2026-06-02 19:15:56 INFO  [main] o.a.c.c.C.[Tomcat].[localhost].[/] - Initializing Spring embedded WebApplicationContext
2026-06-02 19:15:56 INFO  [main] o.s.b.w.s.c.ServletWebServerApplicationContext - Root WebApplicationContext: initialization completed in 1620 ms
2026-06-02 19:15:56 INFO  [main] o.h.jpa.internal.util.LogHelper - HHH000204: Processing PersistenceUnitInfo [name: default]
2026-06-02 19:15:56 INFO  [main] org.hibernate.Version - HHH000412: Hibernate ORM core version 6.6.51.Final
2026-06-02 19:15:56 INFO  [main] o.h.c.i.RegionFactoryInitiator - HHH000026: Second-level cache disabled
2026-06-02 19:15:57 INFO  [main] o.s.o.j.p.SpringPersistenceUnitInfo - No LoadTimeWeaver setup: ignoring JPA class transformer
2026-06-02 19:15:57 INFO  [main] com.zaxxer.hikari.HikariDataSource - HikariPool-1 - Starting...
2026-06-02 19:15:57 INFO  [main] com.zaxxer.hikari.pool.HikariPool - HikariPool-1 - Added connection org.postgresql.jdbc.PgConnection@584136c1
2026-06-02 19:15:57 INFO  [main] com.zaxxer.hikari.HikariDataSource - HikariPool-1 - Start completed.
2026-06-02 19:15:57 WARN  [main] org.hibernate.orm.deprecation - HHH90000025: PostgreSQLDialect does not need to be specified explicitly using 'hibernate.dialect' (remove the property setting and it will be selected by default)
2026-06-02 19:15:57 INFO  [main] o.hibernate.orm.connections.pooling - HHH10001005: Database info:
	Database JDBC URL [Connecting through datasource 'HikariDataSource (HikariPool-1)']
	Database driver: undefined/unknown
	Database version: 17.9
	Autocommit mode: undefined/unknown
	Isolation level: undefined/unknown
	Minimum pool size: undefined/unknown
	Maximum pool size: undefined/unknown
2026-06-02 19:15:58 INFO  [main] o.h.e.t.j.p.i.JtaPlatformInitiator - HHH000489: No JTA platform available (set 'hibernate.transaction.jta.platform' to enable JTA platform integration)
2026-06-02 19:15:58 INFO  [main] o.s.o.j.LocalContainerEntityManagerFactoryBean - Initialized JPA EntityManagerFactory for persistence unit 'default'
2026-06-02 19:15:59 INFO  [main] i.g.bonigarcia.wdm.WebDriverManager - Using chromedriver 148.0.7778.178 (resolved driver for Chrome 148)
2026-06-02 19:15:59 INFO  [main] i.g.bonigarcia.wdm.WebDriverManager - Exporting webdriver.chrome.driver as C:\Users\HP657\.cache\selenium\chromedriver\win64\148.0.7778.178\chromedriver.exe
2026-06-02 19:16:00 WARN  [main] o.o.s.devtools.CdpVersionFinder - Unable to find CDP implementation matching 148
2026-06-02 19:16:00 WARN  [main] o.o.selenium.chromium.ChromiumDriver - Unable to find version of CDP to use for 148.0.7778.179. You may need to include a dependency on a specific version of the CDP using something similar to `org.seleniumhq.selenium:selenium-devtools-v86:4.31.0` where the version ("v86") matches the version of the chromium-based browser you're using and the version number of the artifact is the same as Selenium's.
2026-06-02 19:16:00 WARN  [main] o.s.b.a.o.j.JpaBaseConfiguration$JpaWebConfiguration - spring.jpa.open-in-view is enabled by default. Therefore, database queries may be performed during view rendering. Explicitly configure spring.jpa.open-in-view to disable this warning
2026-06-02 19:16:00 INFO  [main] o.a.coyote.http11.Http11NioProtocol - Starting ProtocolHandler ["http-nio-8080"]
2026-06-02 19:16:00 INFO  [main] o.s.b.w.e.tomcat.TomcatWebServer - Tomcat started on port 8080 (http) with context path '/'
2026-06-02 19:16:00 INFO  [main] c.d.j.JobplanetcrawlerApplicationKt - Started JobplanetcrawlerApplicationKt in 6.935 seconds (process running for 7.393)
2026-06-02 19:22:17 INFO  [main] c.d.j.JobplanetcrawlerApplicationKt - Starting JobplanetcrawlerApplicationKt using Java 21.0.10 with PID 26528 (C:\Users\HP657\Desktop\Projects\jobkoreacrawler\build\classes\kotlin\main started by HP657 in C:\Users\HP657\Desktop\Projects\jobkoreacrawler)
2026-06-02 19:22:17 INFO  [main] c.d.j.JobplanetcrawlerApplicationKt - No active profile set, falling back to 1 default profile: "default"
2026-06-02 19:22:18 INFO  [main] o.s.d.r.c.RepositoryConfigurationDelegate - Bootstrapping Spring Data JPA repositories in DEFAULT mode.
2026-06-02 19:22:18 INFO  [main] o.s.d.r.c.RepositoryConfigurationDelegate - Finished Spring Data repository scanning in 174 ms. Found 2 JPA repository interfaces.
2026-06-02 19:22:19 INFO  [main] o.s.b.w.e.tomcat.TomcatWebServer - Tomcat initialized with port 8080 (http)
2026-06-02 19:22:19 INFO  [main] o.a.coyote.http11.Http11NioProtocol - Initializing ProtocolHandler ["http-nio-8080"]
2026-06-02 19:22:19 INFO  [main] o.a.catalina.core.StandardService - Starting service [Tomcat]
2026-06-02 19:22:19 INFO  [main] o.a.catalina.core.StandardEngine - Starting Servlet engine: [Apache Tomcat/10.1.55]
2026-06-02 19:22:19 INFO  [main] o.a.c.c.C.[Tomcat].[localhost].[/] - Initializing Spring embedded WebApplicationContext
2026-06-02 19:22:19 INFO  [main] o.s.b.w.s.c.ServletWebServerApplicationContext - Root WebApplicationContext: initialization completed in 1909 ms
2026-06-02 19:22:19 INFO  [main] o.h.jpa.internal.util.LogHelper - HHH000204: Processing PersistenceUnitInfo [name: default]
2026-06-02 19:22:19 INFO  [main] org.hibernate.Version - HHH000412: Hibernate ORM core version 6.6.51.Final
2026-06-02 19:22:19 INFO  [main] o.h.c.i.RegionFactoryInitiator - HHH000026: Second-level cache disabled
2026-06-02 19:22:20 INFO  [main] o.s.o.j.p.SpringPersistenceUnitInfo - No LoadTimeWeaver setup: ignoring JPA class transformer
2026-06-02 19:22:20 INFO  [main] com.zaxxer.hikari.HikariDataSource - HikariPool-1 - Starting...
2026-06-02 19:22:20 INFO  [main] com.zaxxer.hikari.pool.HikariPool - HikariPool-1 - Added connection org.postgresql.jdbc.PgConnection@18463720
2026-06-02 19:22:20 INFO  [main] com.zaxxer.hikari.HikariDataSource - HikariPool-1 - Start completed.
2026-06-02 19:22:20 WARN  [main] org.hibernate.orm.deprecation - HHH90000025: PostgreSQLDialect does not need to be specified explicitly using 'hibernate.dialect' (remove the property setting and it will be selected by default)
2026-06-02 19:22:20 INFO  [main] o.hibernate.orm.connections.pooling - HHH10001005: Database info:
	Database JDBC URL [Connecting through datasource 'HikariDataSource (HikariPool-1)']
	Database driver: undefined/unknown
	Database version: 17.9
	Autocommit mode: undefined/unknown
	Isolation level: undefined/unknown
	Minimum pool size: undefined/unknown
	Maximum pool size: undefined/unknown
2026-06-02 19:22:22 INFO  [main] o.h.e.t.j.p.i.JtaPlatformInitiator - HHH000489: No JTA platform available (set 'hibernate.transaction.jta.platform' to enable JTA platform integration)
2026-06-02 19:22:22 INFO  [main] o.s.o.j.LocalContainerEntityManagerFactoryBean - Initialized JPA EntityManagerFactory for persistence unit 'default'
2026-06-02 19:22:23 INFO  [main] i.g.bonigarcia.wdm.WebDriverManager - Using chromedriver 148.0.7778.178 (resolved driver for Chrome 148)
2026-06-02 19:22:23 INFO  [main] i.g.bonigarcia.wdm.WebDriverManager - Exporting webdriver.chrome.driver as C:\Users\HP657\.cache\selenium\chromedriver\win64\148.0.7778.178\chromedriver.exe
2026-06-02 19:22:25 WARN  [main] o.o.s.devtools.CdpVersionFinder - Unable to find CDP implementation matching 148
2026-06-02 19:22:25 WARN  [main] o.o.selenium.chromium.ChromiumDriver - Unable to find version of CDP to use for 148.0.7778.179. You may need to include a dependency on a specific version of the CDP using something similar to `org.seleniumhq.selenium:selenium-devtools-v86:4.31.0` where the version ("v86") matches the version of the chromium-based browser you're using and the version number of the artifact is the same as Selenium's.
2026-06-02 19:22:25 WARN  [main] o.s.b.a.o.j.JpaBaseConfiguration$JpaWebConfiguration - spring.jpa.open-in-view is enabled by default. Therefore, database queries may be performed during view rendering. Explicitly configure spring.jpa.open-in-view to disable this warning
2026-06-02 19:22:25 INFO  [main] o.a.coyote.http11.Http11NioProtocol - Starting ProtocolHandler ["http-nio-8080"]
2026-06-02 19:22:25 INFO  [main] o.s.b.w.e.tomcat.TomcatWebServer - Tomcat started on port 8080 (http) with context path '/'
2026-06-02 19:22:25 INFO  [main] c.d.j.JobplanetcrawlerApplicationKt - Started JobplanetcrawlerApplicationKt in 9.017 seconds (process running for 9.479)
2026-06-02 19:26:20 INFO  [main] c.d.j.JobplanetcrawlerApplicationKt - Starting JobplanetcrawlerApplicationKt using Java 21.0.10 with PID 33684 (C:\Users\HP657\Desktop\Projects\jobkoreacrawler\build\classes\kotlin\main started by HP657 in C:\Users\HP657\Desktop\Projects\jobkoreacrawler)
2026-06-02 19:26:20 INFO  [main] c.d.j.JobplanetcrawlerApplicationKt - No active profile set, falling back to 1 default profile: "default"
2026-06-02 19:26:21 INFO  [main] o.s.d.r.c.RepositoryConfigurationDelegate - Bootstrapping Spring Data JPA repositories in DEFAULT mode.
2026-06-02 19:26:21 INFO  [main] o.s.d.r.c.RepositoryConfigurationDelegate - Finished Spring Data repository scanning in 167 ms. Found 2 JPA repository interfaces.
2026-06-02 19:26:21 INFO  [main] o.s.b.w.e.tomcat.TomcatWebServer - Tomcat initialized with port 8080 (http)
2026-06-02 19:26:21 INFO  [main] o.a.coyote.http11.Http11NioProtocol - Initializing ProtocolHandler ["http-nio-8080"]
2026-06-02 19:26:21 INFO  [main] o.a.catalina.core.StandardService - Starting service [Tomcat]
2026-06-02 19:26:21 INFO  [main] o.a.catalina.core.StandardEngine - Starting Servlet engine: [Apache Tomcat/10.1.55]
2026-06-02 19:26:22 INFO  [main] o.a.c.c.C.[Tomcat].[localhost].[/] - Initializing Spring embedded WebApplicationContext
2026-06-02 19:26:22 INFO  [main] o.s.b.w.s.c.ServletWebServerApplicationContext - Root WebApplicationContext: initialization completed in 1746 ms
2026-06-02 19:26:22 INFO  [main] o.h.jpa.internal.util.LogHelper - HHH000204: Processing PersistenceUnitInfo [name: default]
2026-06-02 19:26:22 INFO  [main] org.hibernate.Version - HHH000412: Hibernate ORM core version 6.6.51.Final
2026-06-02 19:26:22 INFO  [main] o.h.c.i.RegionFactoryInitiator - HHH000026: Second-level cache disabled
2026-06-02 19:26:22 INFO  [main] o.s.o.j.p.SpringPersistenceUnitInfo - No LoadTimeWeaver setup: ignoring JPA class transformer
2026-06-02 19:26:22 INFO  [main] com.zaxxer.hikari.HikariDataSource - HikariPool-1 - Starting...
2026-06-02 19:26:22 INFO  [main] com.zaxxer.hikari.pool.HikariPool - HikariPool-1 - Added connection org.postgresql.jdbc.PgConnection@73ddb7ef
2026-06-02 19:26:22 INFO  [main] com.zaxxer.hikari.HikariDataSource - HikariPool-1 - Start completed.
2026-06-02 19:26:22 WARN  [main] org.hibernate.orm.deprecation - HHH90000025: PostgreSQLDialect does not need to be specified explicitly using 'hibernate.dialect' (remove the property setting and it will be selected by default)
2026-06-02 19:26:22 INFO  [main] o.hibernate.orm.connections.pooling - HHH10001005: Database info:
	Database JDBC URL [Connecting through datasource 'HikariDataSource (HikariPool-1)']
	Database driver: undefined/unknown
	Database version: 17.9
	Autocommit mode: undefined/unknown
	Isolation level: undefined/unknown
	Minimum pool size: undefined/unknown
	Maximum pool size: undefined/unknown
2026-06-02 19:26:24 INFO  [main] o.h.e.t.j.p.i.JtaPlatformInitiator - HHH000489: No JTA platform available (set 'hibernate.transaction.jta.platform' to enable JTA platform integration)
2026-06-02 19:26:24 INFO  [main] o.s.o.j.LocalContainerEntityManagerFactoryBean - Initialized JPA EntityManagerFactory for persistence unit 'default'
2026-06-02 19:26:25 INFO  [main] i.g.bonigarcia.wdm.WebDriverManager - Using chromedriver 148.0.7778.178 (resolved driver for Chrome 148)
2026-06-02 19:26:25 INFO  [main] i.g.bonigarcia.wdm.WebDriverManager - Exporting webdriver.chrome.driver as C:\Users\HP657\.cache\selenium\chromedriver\win64\148.0.7778.178\chromedriver.exe
2026-06-02 19:26:26 WARN  [main] o.o.s.devtools.CdpVersionFinder - Unable to find CDP implementation matching 148
2026-06-02 19:26:26 WARN  [main] o.o.selenium.chromium.ChromiumDriver - Unable to find version of CDP to use for 148.0.7778.179. You may need to include a dependency on a specific version of the CDP using something similar to `org.seleniumhq.selenium:selenium-devtools-v86:4.31.0` where the version ("v86") matches the version of the chromium-based browser you're using and the version number of the artifact is the same as Selenium's.
2026-06-02 19:26:26 WARN  [main] o.s.b.a.o.j.JpaBaseConfiguration$JpaWebConfiguration - spring.jpa.open-in-view is enabled by default. Therefore, database queries may be performed during view rendering. Explicitly configure spring.jpa.open-in-view to disable this warning
2026-06-02 19:26:27 INFO  [main] o.a.coyote.http11.Http11NioProtocol - Starting ProtocolHandler ["http-nio-8080"]
2026-06-02 19:26:27 INFO  [main] o.s.b.w.e.tomcat.TomcatWebServer - Tomcat started on port 8080 (http) with context path '/'
2026-06-02 19:26:27 INFO  [main] c.d.j.JobplanetcrawlerApplicationKt - Started JobplanetcrawlerApplicationKt in 7.517 seconds (process running for 8.002)
2026-06-02 19:31:54 INFO  [main] c.d.j.JobplanetcrawlerApplicationKt - Starting JobplanetcrawlerApplicationKt using Java 21.0.10 with PID 36176 (C:\Users\HP657\Desktop\Projects\jobkoreacrawler\build\classes\kotlin\main started by HP657 in C:\Users\HP657\Desktop\Projects\jobkoreacrawler)
2026-06-02 19:31:54 INFO  [main] c.d.j.JobplanetcrawlerApplicationKt - No active profile set, falling back to 1 default profile: "default"
2026-06-02 19:31:55 INFO  [main] o.s.d.r.c.RepositoryConfigurationDelegate - Bootstrapping Spring Data JPA repositories in DEFAULT mode.
2026-06-02 19:31:55 INFO  [main] o.s.d.r.c.RepositoryConfigurationDelegate - Finished Spring Data repository scanning in 231 ms. Found 2 JPA repository interfaces.
2026-06-02 19:31:56 INFO  [main] o.s.b.w.e.tomcat.TomcatWebServer - Tomcat initialized with port 8080 (http)
2026-06-02 19:31:56 INFO  [main] o.a.coyote.http11.Http11NioProtocol - Initializing ProtocolHandler ["http-nio-8080"]
2026-06-02 19:31:56 INFO  [main] o.a.catalina.core.StandardService - Starting service [Tomcat]
2026-06-02 19:31:56 INFO  [main] o.a.catalina.core.StandardEngine - Starting Servlet engine: [Apache Tomcat/10.1.55]
2026-06-02 19:31:56 INFO  [main] o.a.c.c.C.[Tomcat].[localhost].[/] - Initializing Spring embedded WebApplicationContext
2026-06-02 19:31:56 INFO  [main] o.s.b.w.s.c.ServletWebServerApplicationContext - Root WebApplicationContext: initialization completed in 2384 ms
2026-06-02 19:31:56 INFO  [main] o.h.jpa.internal.util.LogHelper - HHH000204: Processing PersistenceUnitInfo [name: default]
2026-06-02 19:31:56 INFO  [main] org.hibernate.Version - HHH000412: Hibernate ORM core version 6.6.51.Final
2026-06-02 19:31:56 INFO  [main] o.h.c.i.RegionFactoryInitiator - HHH000026: Second-level cache disabled
2026-06-02 19:31:57 INFO  [main] o.s.o.j.p.SpringPersistenceUnitInfo - No LoadTimeWeaver setup: ignoring JPA class transformer
2026-06-02 19:31:57 INFO  [main] com.zaxxer.hikari.HikariDataSource - HikariPool-1 - Starting...
2026-06-02 19:31:57 INFO  [main] com.zaxxer.hikari.pool.HikariPool - HikariPool-1 - Added connection org.postgresql.jdbc.PgConnection@13cf5f8a
2026-06-02 19:31:57 INFO  [main] com.zaxxer.hikari.HikariDataSource - HikariPool-1 - Start completed.
2026-06-02 19:31:57 WARN  [main] org.hibernate.orm.deprecation - HHH90000025: PostgreSQLDialect does not need to be specified explicitly using 'hibernate.dialect' (remove the property setting and it will be selected by default)
2026-06-02 19:31:57 INFO  [main] o.hibernate.orm.connections.pooling - HHH10001005: Database info:
	Database JDBC URL [Connecting through datasource 'HikariDataSource (HikariPool-1)']
	Database driver: undefined/unknown
	Database version: 17.9
	Autocommit mode: undefined/unknown
	Isolation level: undefined/unknown
	Minimum pool size: undefined/unknown
	Maximum pool size: undefined/unknown
2026-06-02 19:31:59 INFO  [main] o.h.e.t.j.p.i.JtaPlatformInitiator - HHH000489: No JTA platform available (set 'hibernate.transaction.jta.platform' to enable JTA platform integration)
2026-06-02 19:31:59 INFO  [main] o.s.o.j.LocalContainerEntityManagerFactoryBean - Initialized JPA EntityManagerFactory for persistence unit 'default'
2026-06-02 19:32:01 INFO  [main] i.g.bonigarcia.wdm.WebDriverManager - Using chromedriver 148.0.7778.178 (resolved driver for Chrome 148)
2026-06-02 19:32:01 INFO  [main] i.g.bonigarcia.wdm.WebDriverManager - Exporting webdriver.chrome.driver as C:\Users\HP657\.cache\selenium\chromedriver\win64\148.0.7778.178\chromedriver.exe
2026-06-02 19:32:02 WARN  [main] o.o.s.devtools.CdpVersionFinder - Unable to find CDP implementation matching 148
2026-06-02 19:32:02 WARN  [main] o.o.selenium.chromium.ChromiumDriver - Unable to find version of CDP to use for 148.0.7778.179. You may need to include a dependency on a specific version of the CDP using something similar to `org.seleniumhq.selenium:selenium-devtools-v86:4.31.0` where the version ("v86") matches the version of the chromium-based browser you're using and the version number of the artifact is the same as Selenium's.
2026-06-02 19:32:02 WARN  [main] o.s.b.a.o.j.JpaBaseConfiguration$JpaWebConfiguration - spring.jpa.open-in-view is enabled by default. Therefore, database queries may be performed during view rendering. Explicitly configure spring.jpa.open-in-view to disable this warning
2026-06-02 19:32:02 INFO  [main] o.a.coyote.http11.Http11NioProtocol - Starting ProtocolHandler ["http-nio-8080"]
2026-06-02 19:32:03 INFO  [main] o.s.b.w.e.tomcat.TomcatWebServer - Tomcat started on port 8080 (http) with context path '/'
2026-06-02 19:32:03 INFO  [main] c.d.j.JobplanetcrawlerApplicationKt - Started JobplanetcrawlerApplicationKt in 9.787 seconds (process running for 10.428)
2026-06-02 19:33:44 INFO  [main] c.d.j.JobplanetcrawlerApplicationKt - Starting JobplanetcrawlerApplicationKt using Java 21.0.10 with PID 39380 (C:\Users\HP657\Desktop\Projects\jobkoreacrawler\build\classes\kotlin\main started by HP657 in C:\Users\HP657\Desktop\Projects\jobkoreacrawler)
2026-06-02 19:33:44 INFO  [main] c.d.j.JobplanetcrawlerApplicationKt - No active profile set, falling back to 1 default profile: "default"
2026-06-02 19:33:45 INFO  [main] o.s.d.r.c.RepositoryConfigurationDelegate - Bootstrapping Spring Data JPA repositories in DEFAULT mode.
2026-06-02 19:33:45 INFO  [main] o.s.d.r.c.RepositoryConfigurationDelegate - Finished Spring Data repository scanning in 257 ms. Found 2 JPA repository interfaces.
2026-06-02 19:33:46 INFO  [main] o.s.b.w.e.tomcat.TomcatWebServer - Tomcat initialized with port 8080 (http)
2026-06-02 19:33:46 INFO  [main] o.a.coyote.http11.Http11NioProtocol - Initializing ProtocolHandler ["http-nio-8080"]
2026-06-02 19:33:46 INFO  [main] o.a.catalina.core.StandardService - Starting service [Tomcat]
2026-06-02 19:33:46 INFO  [main] o.a.catalina.core.StandardEngine - Starting Servlet engine: [Apache Tomcat/10.1.55]
2026-06-02 19:33:46 INFO  [main] o.a.c.c.C.[Tomcat].[localhost].[/] - Initializing Spring embedded WebApplicationContext
2026-06-02 19:33:46 INFO  [main] o.s.b.w.s.c.ServletWebServerApplicationContext - Root WebApplicationContext: initialization completed in 1813 ms
2026-06-02 19:33:46 INFO  [main] o.h.jpa.internal.util.LogHelper - HHH000204: Processing PersistenceUnitInfo [name: default]
2026-06-02 19:33:46 INFO  [main] org.hibernate.Version - HHH000412: Hibernate ORM core version 6.6.51.Final
2026-06-02 19:33:46 INFO  [main] o.h.c.i.RegionFactoryInitiator - HHH000026: Second-level cache disabled
2026-06-02 19:33:47 INFO  [main] o.s.o.j.p.SpringPersistenceUnitInfo - No LoadTimeWeaver setup: ignoring JPA class transformer
2026-06-02 19:33:47 INFO  [main] com.zaxxer.hikari.HikariDataSource - HikariPool-1 - Starting...
2026-06-02 19:33:47 INFO  [main] com.zaxxer.hikari.pool.HikariPool - HikariPool-1 - Added connection org.postgresql.jdbc.PgConnection@e8c84eb
2026-06-02 19:33:47 INFO  [main] com.zaxxer.hikari.HikariDataSource - HikariPool-1 - Start completed.
2026-06-02 19:33:47 WARN  [main] org.hibernate.orm.deprecation - HHH90000025: PostgreSQLDialect does not need to be specified explicitly using 'hibernate.dialect' (remove the property setting and it will be selected by default)
2026-06-02 19:33:47 INFO  [main] o.hibernate.orm.connections.pooling - HHH10001005: Database info:
	Database JDBC URL [Connecting through datasource 'HikariDataSource (HikariPool-1)']
	Database driver: undefined/unknown
	Database version: 17.9
	Autocommit mode: undefined/unknown
	Isolation level: undefined/unknown
	Minimum pool size: undefined/unknown
	Maximum pool size: undefined/unknown
2026-06-02 19:33:48 INFO  [main] o.h.e.t.j.p.i.JtaPlatformInitiator - HHH000489: No JTA platform available (set 'hibernate.transaction.jta.platform' to enable JTA platform integration)
2026-06-02 19:33:49 INFO  [main] o.s.o.j.LocalContainerEntityManagerFactoryBean - Initialized JPA EntityManagerFactory for persistence unit 'default'
2026-06-02 19:33:50 INFO  [main] i.g.bonigarcia.wdm.WebDriverManager - Using chromedriver 148.0.7778.178 (resolved driver for Chrome 148)
2026-06-02 19:33:50 INFO  [main] i.g.bonigarcia.wdm.WebDriverManager - Exporting webdriver.chrome.driver as C:\Users\HP657\.cache\selenium\chromedriver\win64\148.0.7778.178\chromedriver.exe
2026-06-02 19:33:52 WARN  [main] o.o.s.devtools.CdpVersionFinder - Unable to find CDP implementation matching 148
2026-06-02 19:33:52 WARN  [main] o.o.selenium.chromium.ChromiumDriver - Unable to find version of CDP to use for 148.0.7778.179. You may need to include a dependency on a specific version of the CDP using something similar to `org.seleniumhq.selenium:selenium-devtools-v86:4.31.0` where the version ("v86") matches the version of the chromium-based browser you're using and the version number of the artifact is the same as Selenium's.
2026-06-02 19:33:52 WARN  [main] o.s.b.a.o.j.JpaBaseConfiguration$JpaWebConfiguration - spring.jpa.open-in-view is enabled by default. Therefore, database queries may be performed during view rendering. Explicitly configure spring.jpa.open-in-view to disable this warning
2026-06-02 19:33:52 INFO  [main] o.a.coyote.http11.Http11NioProtocol - Starting ProtocolHandler ["http-nio-8080"]
2026-06-02 19:33:52 INFO  [main] o.s.b.w.e.tomcat.TomcatWebServer - Tomcat started on port 8080 (http) with context path '/'
2026-06-02 19:33:52 INFO  [main] c.d.j.JobplanetcrawlerApplicationKt - Started JobplanetcrawlerApplicationKt in 8.984 seconds (process running for 9.455)
2026-06-02 19:34:00 INFO  [DefaultDispatcher-worker-2] i.g.bonigarcia.wdm.WebDriverManager - Using chromedriver 148.0.7778.178 (resolved driver for Chrome 148)
2026-06-02 19:34:00 INFO  [DefaultDispatcher-worker-2] i.g.bonigarcia.wdm.WebDriverManager - Exporting webdriver.chrome.driver as C:\Users\HP657\.cache\selenium\chromedriver\win64\148.0.7778.178\chromedriver.exe
2026-06-02 19:34:00 WARN  [DefaultDispatcher-worker-2] o.o.s.devtools.CdpVersionFinder - Unable to find CDP implementation matching 148
2026-06-02 19:34:00 WARN  [DefaultDispatcher-worker-2] o.o.selenium.chromium.ChromiumDriver - Unable to find version of CDP to use for 148.0.7778.179. You may need to include a dependency on a specific version of the CDP using something similar to `org.seleniumhq.selenium:selenium-devtools-v86:4.31.0` where the version ("v86") matches the version of the chromium-based browser you're using and the version number of the artifact is the same as Selenium's.
2026-06-02 19:36:41 INFO  [main] c.d.j.JobplanetcrawlerApplicationKt - Starting JobplanetcrawlerApplicationKt using Java 21.0.10 with PID 16428 (C:\Users\HP657\Desktop\Projects\jobkoreacrawler\build\classes\kotlin\main started by HP657 in C:\Users\HP657\Desktop\Projects\jobkoreacrawler)
2026-06-02 19:36:41 INFO  [main] c.d.j.JobplanetcrawlerApplicationKt - No active profile set, falling back to 1 default profile: "default"
2026-06-02 19:36:42 INFO  [main] o.s.d.r.c.RepositoryConfigurationDelegate - Bootstrapping Spring Data JPA repositories in DEFAULT mode.
2026-06-02 19:36:42 INFO  [main] o.s.d.r.c.RepositoryConfigurationDelegate - Finished Spring Data repository scanning in 163 ms. Found 2 JPA repository interfaces.
2026-06-02 19:36:43 INFO  [main] o.s.b.w.e.tomcat.TomcatWebServer - Tomcat initialized with port 8080 (http)
2026-06-02 19:36:43 INFO  [main] o.a.coyote.http11.Http11NioProtocol - Initializing ProtocolHandler ["http-nio-8080"]
2026-06-02 19:36:43 INFO  [main] o.a.catalina.core.StandardService - Starting service [Tomcat]
2026-06-02 19:36:43 INFO  [main] o.a.catalina.core.StandardEngine - Starting Servlet engine: [Apache Tomcat/10.1.55]
2026-06-02 19:36:43 INFO  [main] o.a.c.c.C.[Tomcat].[localhost].[/] - Initializing Spring embedded WebApplicationContext
2026-06-02 19:36:43 INFO  [main] o.s.b.w.s.c.ServletWebServerApplicationContext - Root WebApplicationContext: initialization completed in 1803 ms
2026-06-02 19:36:43 INFO  [main] o.h.jpa.internal.util.LogHelper - HHH000204: Processing PersistenceUnitInfo [name: default]
2026-06-02 19:36:43 INFO  [main] org.hibernate.Version - HHH000412: Hibernate ORM core version 6.6.51.Final
2026-06-02 19:36:44 INFO  [main] o.h.c.i.RegionFactoryInitiator - HHH000026: Second-level cache disabled
2026-06-02 19:36:44 INFO  [main] o.s.o.j.p.SpringPersistenceUnitInfo - No LoadTimeWeaver setup: ignoring JPA class transformer
2026-06-02 19:36:44 INFO  [main] com.zaxxer.hikari.HikariDataSource - HikariPool-1 - Starting...
2026-06-02 19:36:44 INFO  [main] com.zaxxer.hikari.pool.HikariPool - HikariPool-1 - Added connection org.postgresql.jdbc.PgConnection@4a58e0e9
2026-06-02 19:36:44 INFO  [main] com.zaxxer.hikari.HikariDataSource - HikariPool-1 - Start completed.
2026-06-02 19:36:44 WARN  [main] org.hibernate.orm.deprecation - HHH90000025: PostgreSQLDialect does not need to be specified explicitly using 'hibernate.dialect' (remove the property setting and it will be selected by default)
2026-06-02 19:36:44 INFO  [main] o.hibernate.orm.connections.pooling - HHH10001005: Database info:
	Database JDBC URL [Connecting through datasource 'HikariDataSource (HikariPool-1)']
	Database driver: undefined/unknown
	Database version: 17.9
	Autocommit mode: undefined/unknown
	Isolation level: undefined/unknown
	Minimum pool size: undefined/unknown
	Maximum pool size: undefined/unknown
2026-06-02 19:36:45 INFO  [main] o.h.e.t.j.p.i.JtaPlatformInitiator - HHH000489: No JTA platform available (set 'hibernate.transaction.jta.platform' to enable JTA platform integration)
2026-06-02 19:36:45 INFO  [main] o.s.o.j.LocalContainerEntityManagerFactoryBean - Initialized JPA EntityManagerFactory for persistence unit 'default'
2026-06-02 19:36:46 INFO  [main] i.g.bonigarcia.wdm.WebDriverManager - Using chromedriver 148.0.7778.178 (resolved driver for Chrome 148)
2026-06-02 19:36:46 INFO  [main] i.g.bonigarcia.wdm.WebDriverManager - Exporting webdriver.chrome.driver as C:\Users\HP657\.cache\selenium\chromedriver\win64\148.0.7778.178\chromedriver.exe
2026-06-02 19:36:47 WARN  [main] o.o.s.devtools.CdpVersionFinder - Unable to find CDP implementation matching 148
2026-06-02 19:36:47 WARN  [main] o.o.selenium.chromium.ChromiumDriver - Unable to find version of CDP to use for 148.0.7778.179. You may need to include a dependency on a specific version of the CDP using something similar to `org.seleniumhq.selenium:selenium-devtools-v86:4.31.0` where the version ("v86") matches the version of the chromium-based browser you're using and the version number of the artifact is the same as Selenium's.
2026-06-02 19:36:48 WARN  [main] o.s.b.a.o.j.JpaBaseConfiguration$JpaWebConfiguration - spring.jpa.open-in-view is enabled by default. Therefore, database queries may be performed during view rendering. Explicitly configure spring.jpa.open-in-view to disable this warning
2026-06-02 19:36:48 INFO  [main] o.a.coyote.http11.Http11NioProtocol - Starting ProtocolHandler ["http-nio-8080"]
2026-06-02 19:36:48 INFO  [main] o.s.b.w.e.tomcat.TomcatWebServer - Tomcat started on port 8080 (http) with context path '/'
2026-06-02 19:36:48 INFO  [main] c.d.j.JobplanetcrawlerApplicationKt - Started JobplanetcrawlerApplicationKt in 7.25 seconds (process running for 7.737)
2026-06-02 19:37:00 INFO  [DefaultDispatcher-worker-1] i.g.bonigarcia.wdm.WebDriverManager - Using chromedriver 148.0.7778.178 (resolved driver for Chrome 148)
2026-06-02 19:37:00 INFO  [DefaultDispatcher-worker-1] i.g.bonigarcia.wdm.WebDriverManager - Exporting webdriver.chrome.driver as C:\Users\HP657\.cache\selenium\chromedriver\win64\148.0.7778.178\chromedriver.exe
2026-06-02 19:37:00 WARN  [DefaultDispatcher-worker-1] o.o.s.devtools.CdpVersionFinder - Unable to find CDP implementation matching 148
2026-06-02 19:37:00 WARN  [DefaultDispatcher-worker-1] o.o.selenium.chromium.ChromiumDriver - Unable to find version of CDP to use for 148.0.7778.179. You may need to include a dependency on a specific version of the CDP using something similar to `org.seleniumhq.selenium:selenium-devtools-v86:4.31.0` where the version ("v86") matches the version of the chromium-based browser you're using and the version number of the artifact is the same as Selenium's.
2026-06-02 19:37:08 DEBUG [DefaultDispatcher-worker-1] org.hibernate.SQL - 
    /* <criteria> */ select
        jo1_0.id,
        jo1_0.company_name,
        jo1_0.deadline,
        jo1_0.experience,
        jo1_0.link,
        jo1_0.location,
        jo1_0.title 
    from
        job_openings jo1_0 
    where
        jo1_0.link=? 
        and jo1_0.title=?
2026-06-02 19:37:08 DEBUG [DefaultDispatcher-worker-1] org.hibernate.SQL - 
    /* insert for
        com.datascience.jobplanetcrawler.job.entity.JobOpening */insert 
    into
        job_openings (company_name, deadline, experience, link, location, title) 
    values
        (?, ?, ?, ?, ?, ?)
2026-06-02 19:37:08 DEBUG [DefaultDispatcher-worker-1] org.hibernate.SQL - 
    /* <criteria> */ select
        jo1_0.id,
        jo1_0.company_name,
        jo1_0.deadline,
        jo1_0.experience,
        jo1_0.link,
        jo1_0.location,
        jo1_0.title 
    from
        job_openings jo1_0 
    where
        jo1_0.link=? 
        and jo1_0.title=?
2026-06-02 19:37:08 DEBUG [DefaultDispatcher-worker-1] org.hibernate.SQL - 
    /* insert for
        com.datascience.jobplanetcrawler.job.entity.JobOpening */insert 
    into
        job_openings (company_name, deadline, experience, link, location, title) 
    values
        (?, ?, ?, ?, ?, ?)
2026-06-02 19:37:08 DEBUG [DefaultDispatcher-worker-1] org.hibernate.SQL - 
    /* <criteria> */ select
        jo1_0.id,
        jo1_0.company_name,
        jo1_0.deadline,
        jo1_0.experience,
        jo1_0.link,
        jo1_0.location,
        jo1_0.title 
    from
        job_openings jo1_0 
    where
        jo1_0.link=? 
        and jo1_0.title=?
2026-06-02 19:37:08 DEBUG [DefaultDispatcher-worker-1] org.hibernate.SQL - 
    /* insert for
        com.datascience.jobplanetcrawler.job.entity.JobOpening */insert 
    into
        job_openings (company_name, deadline, experience, link, location, title) 
    values
        (?, ?, ?, ?, ?, ?)
2026-06-02 19:37:08 DEBUG [DefaultDispatcher-worker-1] org.hibernate.SQL - 
    /* <criteria> */ select
        jo1_0.id,
        jo1_0.company_name,
        jo1_0.deadline,
        jo1_0.experience,
        jo1_0.link,
        jo1_0.location,
        jo1_0.title 
    from
        job_openings jo1_0 
    where
        jo1_0.link=? 
        and jo1_0.title=?
2026-06-02 19:37:08 DEBUG [DefaultDispatcher-worker-1] org.hibernate.SQL - 
    /* insert for
        com.datascience.jobplanetcrawler.job.entity.JobOpening */insert 
    into
        job_openings (company_name, deadline, experience, link, location, title) 
    values
        (?, ?, ?, ?, ?, ?)
2026-06-02 19:37:08 DEBUG [DefaultDispatcher-worker-1] org.hibernate.SQL - 
    /* <criteria> */ select
        jo1_0.id,
        jo1_0.company_name,
        jo1_0.deadline,
        jo1_0.experience,
        jo1_0.link,
        jo1_0.location,
        jo1_0.title 
    from
        job_openings jo1_0 
    where
        jo1_0.link=? 
        and jo1_0.title=?
2026-06-02 19:37:08 DEBUG [DefaultDispatcher-worker-1] org.hibernate.SQL - 
    /* insert for
        com.datascience.jobplanetcrawler.job.entity.JobOpening */insert 
    into
        job_openings (company_name, deadline, experience, link, location, title) 
    values
        (?, ?, ?, ?, ?, ?)
2026-06-02 19:37:08 DEBUG [DefaultDispatcher-worker-1] org.hibernate.SQL - 
    /* <criteria> */ select
        jo1_0.id,
        jo1_0.company_name,
        jo1_0.deadline,
        jo1_0.experience,
        jo1_0.link,
        jo1_0.location,
        jo1_0.title 
    from
        job_openings jo1_0 
    where
        jo1_0.link=? 
        and jo1_0.title=?
2026-06-02 19:37:08 DEBUG [DefaultDispatcher-worker-1] org.hibernate.SQL - 
    /* insert for
        com.datascience.jobplanetcrawler.job.entity.JobOpening */insert 
    into
        job_openings (company_name, deadline, experience, link, location, title) 
    values
        (?, ?, ?, ?, ?, ?)
2026-06-02 19:37:08 DEBUG [DefaultDispatcher-worker-1] org.hibernate.SQL - 
    /* <criteria> */ select
        jo1_0.id,
        jo1_0.company_name,
        jo1_0.deadline,
        jo1_0.experience,
        jo1_0.link,
        jo1_0.location,
        jo1_0.title 
    from
        job_openings jo1_0 
    where
        jo1_0.link=? 
        and jo1_0.title=?
2026-06-02 19:37:08 DEBUG [DefaultDispatcher-worker-1] org.hibernate.SQL - 
    /* insert for
        com.datascience.jobplanetcrawler.job.entity.JobOpening */insert 
    into
        job_openings (company_name, deadline, experience, link, location, title) 
    values
        (?, ?, ?, ?, ?, ?)
2026-06-02 19:37:08 DEBUG [DefaultDispatcher-worker-1] org.hibernate.SQL - 
    /* <criteria> */ select
        jo1_0.id,
        jo1_0.company_name,
        jo1_0.deadline,
        jo1_0.experience,
        jo1_0.link,
        jo1_0.location,
        jo1_0.title 
    from
        job_openings jo1_0 
    where
        jo1_0.link=? 
        and jo1_0.title=?
2026-06-02 19:37:08 DEBUG [DefaultDispatcher-worker-1] org.hibernate.SQL - 
    /* insert for
        com.datascience.jobplanetcrawler.job.entity.JobOpening */insert 
    into
        job_openings (company_name, deadline, experience, link, location, title) 
    values
        (?, ?, ?, ?, ?, ?)
2026-06-02 19:37:08 DEBUG [DefaultDispatcher-worker-1] org.hibernate.SQL - 
    /* <criteria> */ select
        jo1_0.id,
        jo1_0.company_name,
        jo1_0.deadline,
        jo1_0.experience,
        jo1_0.link,
        jo1_0.location,
        jo1_0.title 
    from
        job_openings jo1_0 
    where
        jo1_0.link=? 
        and jo1_0.title=?
2026-06-02 19:37:08 DEBUG [DefaultDispatcher-worker-1] org.hibernate.SQL - 
    /* insert for
        com.datascience.jobplanetcrawler.job.entity.JobOpening */insert 
    into
        job_openings (company_name, deadline, experience, link, location, title) 
    values
        (?, ?, ?, ?, ?, ?)
2026-06-02 19:37:08 DEBUG [DefaultDispatcher-worker-1] org.hibernate.SQL - 
    /* <criteria> */ select
        jo1_0.id,
        jo1_0.company_name,
        jo1_0.deadline,
        jo1_0.experience,
        jo1_0.link,
        jo1_0.location,
        jo1_0.title 
    from
        job_openings jo1_0 
    where
        jo1_0.link=? 
        and jo1_0.title=?
2026-06-02 19:37:08 DEBUG [DefaultDispatcher-worker-1] org.hibernate.SQL - 
    /* insert for
        com.datascience.jobplanetcrawler.job.entity.JobOpening */insert 
    into
        job_openings (company_name, deadline, experience, link, location, title) 
    values
        (?, ?, ?, ?, ?, ?)
2026-06-02 19:37:08 DEBUG [DefaultDispatcher-worker-1] org.hibernate.SQL - 
    /* <criteria> */ select
        jo1_0.id,
        jo1_0.company_name,
        jo1_0.deadline,
        jo1_0.experience,
        jo1_0.link,
        jo1_0.location,
        jo1_0.title 
    from
        job_openings jo1_0 
    where
        jo1_0.link=? 
        and jo1_0.title=?
2026-06-02 19:37:08 DEBUG [DefaultDispatcher-worker-1] org.hibernate.SQL - 
    /* insert for
        com.datascience.jobplanetcrawler.job.entity.JobOpening */insert 
    into
        job_openings (company_name, deadline, experience, link, location, title) 
    values
        (?, ?, ?, ?, ?, ?)
2026-06-02 19:37:08 DEBUG [DefaultDispatcher-worker-1] org.hibernate.SQL - 
    /* <criteria> */ select
        jo1_0.id,
        jo1_0.company_name,
        jo1_0.deadline,
        jo1_0.experience,
        jo1_0.link,
        jo1_0.location,
        jo1_0.title 
    from
        job_openings jo1_0 
    where
        jo1_0.link=? 
        and jo1_0.title=?
2026-06-02 19:37:08 DEBUG [DefaultDispatcher-worker-1] org.hibernate.SQL - 
    /* insert for
        com.datascience.jobplanetcrawler.job.entity.JobOpening */insert 
    into
        job_openings (company_name, deadline, experience, link, location, title) 
    values
        (?, ?, ?, ?, ?, ?)
2026-06-02 19:37:08 DEBUG [DefaultDispatcher-worker-1] org.hibernate.SQL - 
    /* <criteria> */ select
        jo1_0.id,
        jo1_0.company_name,
        jo1_0.deadline,
        jo1_0.experience,
        jo1_0.link,
        jo1_0.location,
        jo1_0.title 
    from
        job_openings jo1_0 
    where
        jo1_0.link=? 
        and jo1_0.title=?
2026-06-02 19:37:08 DEBUG [DefaultDispatcher-worker-1] org.hibernate.SQL - 
    /* insert for
        com.datascience.jobplanetcrawler.job.entity.JobOpening */insert 
    into
        job_openings (company_name, deadline, experience, link, location, title) 
    values
        (?, ?, ?, ?, ?, ?)
2026-06-02 19:37:08 DEBUG [DefaultDispatcher-worker-1] org.hibernate.SQL - 
    /* <criteria> */ select
        jo1_0.id,
        jo1_0.company_name,
        jo1_0.deadline,
        jo1_0.experience,
        jo1_0.link,
        jo1_0.location,
        jo1_0.title 
    from
        job_openings jo1_0 
    where
        jo1_0.link=? 
        and jo1_0.title=?
2026-06-02 19:37:08 DEBUG [DefaultDispatcher-worker-1] org.hibernate.SQL - 
    /* insert for
        com.datascience.jobplanetcrawler.job.entity.JobOpening */insert 
    into
        job_openings (company_name, deadline, experience, link, location, title) 
    values
        (?, ?, ?, ?, ?, ?)
2026-06-02 19:37:08 DEBUG [DefaultDispatcher-worker-1] org.hibernate.SQL - 
    /* <criteria> */ select
        jo1_0.id,
        jo1_0.company_name,
        jo1_0.deadline,
        jo1_0.experience,
        jo1_0.link,
        jo1_0.location,
        jo1_0.title 
    from
        job_openings jo1_0 
    where
        jo1_0.link=? 
        and jo1_0.title=?
2026-06-02 19:37:08 DEBUG [DefaultDispatcher-worker-1] org.hibernate.SQL - 
    /* insert for
        com.datascience.jobplanetcrawler.job.entity.JobOpening */insert 
    into
        job_openings (company_name, deadline, experience, link, location, title) 
    values
        (?, ?, ?, ?, ?, ?)
2026-06-02 19:37:08 DEBUG [DefaultDispatcher-worker-1] org.hibernate.SQL - 
    /* <criteria> */ select
        jo1_0.id,
        jo1_0.company_name,
        jo1_0.deadline,
        jo1_0.experience,
        jo1_0.link,
        jo1_0.location,
        jo1_0.title 
    from
        job_openings jo1_0 
    where
        jo1_0.link=? 
        and jo1_0.title=?
2026-06-02 19:37:08 DEBUG [DefaultDispatcher-worker-1] org.hibernate.SQL - 
    /* insert for
        com.datascience.jobplanetcrawler.job.entity.JobOpening */insert 
    into
        job_openings (company_name, deadline, experience, link, location, title) 
    values
        (?, ?, ?, ?, ?, ?)
2026-06-02 19:37:08 INFO  [DefaultDispatcher-worker-1] c.d.j.job.service.JobSaveService - 💾 청크 저장 결과 -> 신규 등록: 16건, 기존 갱신: 0건
2026-06-02 19:38:00 INFO  [DefaultDispatcher-worker-1] i.g.bonigarcia.wdm.WebDriverManager - Using chromedriver 148.0.7778.178 (resolved driver for Chrome 148)
2026-06-02 19:38:00 INFO  [DefaultDispatcher-worker-1] i.g.bonigarcia.wdm.WebDriverManager - Exporting webdriver.chrome.driver as C:\Users\HP657\.cache\selenium\chromedriver\win64\148.0.7778.178\chromedriver.exe
2026-06-02 19:38:00 WARN  [DefaultDispatcher-worker-1] o.o.s.devtools.CdpVersionFinder - Unable to find CDP implementation matching 148
2026-06-02 19:38:00 WARN  [DefaultDispatcher-worker-1] o.o.selenium.chromium.ChromiumDriver - Unable to find version of CDP to use for 148.0.7778.179. You may need to include a dependency on a specific version of the CDP using something similar to `org.seleniumhq.selenium:selenium-devtools-v86:4.31.0` where the version ("v86") matches the version of the chromium-based browser you're using and the version number of the artifact is the same as Selenium's.
2026-06-02 19:38:08 DEBUG [DefaultDispatcher-worker-1] org.hibernate.SQL - 
    /* <criteria> */ select
        jo1_0.id,
        jo1_0.company_name,
        jo1_0.deadline,
        jo1_0.experience,
        jo1_0.link,
        jo1_0.location,
        jo1_0.title 
    from
        job_openings jo1_0 
    where
        jo1_0.link=? 
        and jo1_0.title=?
2026-06-02 19:38:08 DEBUG [DefaultDispatcher-worker-1] org.hibernate.SQL - 
    /* <criteria> */ select
        jo1_0.id,
        jo1_0.company_name,
        jo1_0.deadline,
        jo1_0.experience,
        jo1_0.link,
        jo1_0.location,
        jo1_0.title 
    from
        job_openings jo1_0 
    where
        jo1_0.link=? 
        and jo1_0.title=?
2026-06-02 19:38:08 DEBUG [DefaultDispatcher-worker-1] org.hibernate.SQL - 
    /* <criteria> */ select
        jo1_0.id,
        jo1_0.company_name,
        jo1_0.deadline,
        jo1_0.experience,
        jo1_0.link,
        jo1_0.location,
        jo1_0.title 
    from
        job_openings jo1_0 
    where
        jo1_0.link=? 
        and jo1_0.title=?
2026-06-02 19:38:08 DEBUG [DefaultDispatcher-worker-1] org.hibernate.SQL - 
    /* <criteria> */ select
        jo1_0.id,
        jo1_0.company_name,
        jo1_0.deadline,
        jo1_0.experience,
        jo1_0.link,
        jo1_0.location,
        jo1_0.title 
    from
        job_openings jo1_0 
    where
        jo1_0.link=? 
        and jo1_0.title=?
2026-06-02 19:38:08 DEBUG [DefaultDispatcher-worker-1] org.hibernate.SQL - 
    /* <criteria> */ select
        jo1_0.id,
        jo1_0.company_name,
        jo1_0.deadline,
        jo1_0.experience,
        jo1_0.link,
        jo1_0.location,
        jo1_0.title 
    from
        job_openings jo1_0 
    where
        jo1_0.link=? 
        and jo1_0.title=?
2026-06-02 19:38:08 DEBUG [DefaultDispatcher-worker-1] org.hibernate.SQL - 
    /* <criteria> */ select
        jo1_0.id,
        jo1_0.company_name,
        jo1_0.deadline,
        jo1_0.experience,
        jo1_0.link,
        jo1_0.location,
        jo1_0.title 
    from
        job_openings jo1_0 
    where
        jo1_0.link=? 
        and jo1_0.title=?
2026-06-02 19:38:08 DEBUG [DefaultDispatcher-worker-1] org.hibernate.SQL - 
    /* <criteria> */ select
        jo1_0.id,
        jo1_0.company_name,
        jo1_0.deadline,
        jo1_0.experience,
        jo1_0.link,
        jo1_0.location,
        jo1_0.title 
    from
        job_openings jo1_0 
    where
        jo1_0.link=? 
        and jo1_0.title=?
2026-06-02 19:38:08 DEBUG [DefaultDispatcher-worker-1] org.hibernate.SQL - 
    /* <criteria> */ select
        jo1_0.id,
        jo1_0.company_name,
        jo1_0.deadline,
        jo1_0.experience,
        jo1_0.link,
        jo1_0.location,
        jo1_0.title 
    from
        job_openings jo1_0 
    where
        jo1_0.link=? 
        and jo1_0.title=?
2026-06-02 19:38:08 DEBUG [DefaultDispatcher-worker-1] org.hibernate.SQL - 
    /* <criteria> */ select
        jo1_0.id,
        jo1_0.company_name,
        jo1_0.deadline,
        jo1_0.experience,
        jo1_0.link,
        jo1_0.location,
        jo1_0.title 
    from
        job_openings jo1_0 
    where
        jo1_0.link=? 
        and jo1_0.title=?
2026-06-02 19:38:08 DEBUG [DefaultDispatcher-worker-1] org.hibernate.SQL - 
    /* <criteria> */ select
        jo1_0.id,
        jo1_0.company_name,
        jo1_0.deadline,
        jo1_0.experience,
        jo1_0.link,
        jo1_0.location,
        jo1_0.title 
    from
        job_openings jo1_0 
    where
        jo1_0.link=? 
        and jo1_0.title=?
2026-06-02 19:38:08 DEBUG [DefaultDispatcher-worker-1] org.hibernate.SQL - 
    /* <criteria> */ select
        jo1_0.id,
        jo1_0.company_name,
        jo1_0.deadline,
        jo1_0.experience,
        jo1_0.link,
        jo1_0.location,
        jo1_0.title 
    from
        job_openings jo1_0 
    where
        jo1_0.link=? 
        and jo1_0.title=?
2026-06-02 19:38:08 DEBUG [DefaultDispatcher-worker-1] org.hibernate.SQL - 
    /* <criteria> */ select
        jo1_0.id,
        jo1_0.company_name,
        jo1_0.deadline,
        jo1_0.experience,
        jo1_0.link,
        jo1_0.location,
        jo1_0.title 
    from
        job_openings jo1_0 
    where
        jo1_0.link=? 
        and jo1_0.title=?
2026-06-02 19:38:08 DEBUG [DefaultDispatcher-worker-1] org.hibernate.SQL - 
    /* <criteria> */ select
        jo1_0.id,
        jo1_0.company_name,
        jo1_0.deadline,
        jo1_0.experience,
        jo1_0.link,
        jo1_0.location,
        jo1_0.title 
    from
        job_openings jo1_0 
    where
        jo1_0.link=? 
        and jo1_0.title=?
2026-06-02 19:38:08 DEBUG [DefaultDispatcher-worker-1] org.hibernate.SQL - 
    /* <criteria> */ select
        jo1_0.id,
        jo1_0.company_name,
        jo1_0.deadline,
        jo1_0.experience,
        jo1_0.link,
        jo1_0.location,
        jo1_0.title 
    from
        job_openings jo1_0 
    where
        jo1_0.link=? 
        and jo1_0.title=?
2026-06-02 19:38:08 DEBUG [DefaultDispatcher-worker-1] org.hibernate.SQL - 
    /* <criteria> */ select
        jo1_0.id,
        jo1_0.company_name,
        jo1_0.deadline,
        jo1_0.experience,
        jo1_0.link,
        jo1_0.location,
        jo1_0.title 
    from
        job_openings jo1_0 
    where
        jo1_0.link=? 
        and jo1_0.title=?
2026-06-02 19:38:08 DEBUG [DefaultDispatcher-worker-1] org.hibernate.SQL - 
    /* <criteria> */ select
        jo1_0.id,
        jo1_0.company_name,
        jo1_0.deadline,
        jo1_0.experience,
        jo1_0.link,
        jo1_0.location,
        jo1_0.title 
    from
        job_openings jo1_0 
    where
        jo1_0.link=? 
        and jo1_0.title=?
2026-06-02 19:38:08 INFO  [DefaultDispatcher-worker-1] c.d.j.job.service.JobSaveService - 💾 청크 저장 결과 -> 신규 등록: 0건, 기존 갱신: 16건
2026-06-02 19:39:00 INFO  [DefaultDispatcher-worker-1] i.g.bonigarcia.wdm.WebDriverManager - Using chromedriver 148.0.7778.178 (resolved driver for Chrome 148)
2026-06-02 19:39:00 INFO  [DefaultDispatcher-worker-1] i.g.bonigarcia.wdm.WebDriverManager - Exporting webdriver.chrome.driver as C:\Users\HP657\.cache\selenium\chromedriver\win64\148.0.7778.178\chromedriver.exe
2026-06-02 19:39:01 WARN  [DefaultDispatcher-worker-1] o.o.s.devtools.CdpVersionFinder - Unable to find CDP implementation matching 148
2026-06-02 19:39:01 WARN  [DefaultDispatcher-worker-1] o.o.selenium.chromium.ChromiumDriver - Unable to find version of CDP to use for 148.0.7778.179. You may need to include a dependency on a specific version of the CDP using something similar to `org.seleniumhq.selenium:selenium-devtools-v86:4.31.0` where the version ("v86") matches the version of the chromium-based browser you're using and the version number of the artifact is the same as Selenium's.
2026-06-02 19:39:08 DEBUG [DefaultDispatcher-worker-1] org.hibernate.SQL - 
    /* <criteria> */ select
        jo1_0.id,
        jo1_0.company_name,
        jo1_0.deadline,
        jo1_0.experience,
        jo1_0.link,
        jo1_0.location,
        jo1_0.title 
    from
        job_openings jo1_0 
    where
        jo1_0.link=? 
        and jo1_0.title=?
2026-06-02 19:39:08 DEBUG [DefaultDispatcher-worker-1] org.hibernate.SQL - 
    /* <criteria> */ select
        jo1_0.id,
        jo1_0.company_name,
        jo1_0.deadline,
        jo1_0.experience,
        jo1_0.link,
        jo1_0.location,
        jo1_0.title 
    from
        job_openings jo1_0 
    where
        jo1_0.link=? 
        and jo1_0.title=?
2026-06-02 19:39:08 DEBUG [DefaultDispatcher-worker-1] org.hibernate.SQL - 
    /* <criteria> */ select
        jo1_0.id,
        jo1_0.company_name,
        jo1_0.deadline,
        jo1_0.experience,
        jo1_0.link,
        jo1_0.location,
        jo1_0.title 
    from
        job_openings jo1_0 
    where
        jo1_0.link=? 
        and jo1_0.title=?
2026-06-02 19:39:08 DEBUG [DefaultDispatcher-worker-1] org.hibernate.SQL - 
    /* <criteria> */ select
        jo1_0.id,
        jo1_0.company_name,
        jo1_0.deadline,
        jo1_0.experience,
        jo1_0.link,
        jo1_0.location,
        jo1_0.title 
    from
        job_openings jo1_0 
    where
        jo1_0.link=? 
        and jo1_0.title=?
2026-06-02 19:39:08 DEBUG [DefaultDispatcher-worker-1] org.hibernate.SQL - 
    /* <criteria> */ select
        jo1_0.id,
        jo1_0.company_name,
        jo1_0.deadline,
        jo1_0.experience,
        jo1_0.link,
        jo1_0.location,
        jo1_0.title 
    from
        job_openings jo1_0 
    where
        jo1_0.link=? 
        and jo1_0.title=?
2026-06-02 19:39:08 DEBUG [DefaultDispatcher-worker-1] org.hibernate.SQL - 
    /* <criteria> */ select
        jo1_0.id,
        jo1_0.company_name,
        jo1_0.deadline,
        jo1_0.experience,
        jo1_0.link,
        jo1_0.location,
        jo1_0.title 
    from
        job_openings jo1_0 
    where
        jo1_0.link=? 
        and jo1_0.title=?
2026-06-02 19:39:08 DEBUG [DefaultDispatcher-worker-1] org.hibernate.SQL - 
    /* <criteria> */ select
        jo1_0.id,
        jo1_0.company_name,
        jo1_0.deadline,
        jo1_0.experience,
        jo1_0.link,
        jo1_0.location,
        jo1_0.title 
    from
        job_openings jo1_0 
    where
        jo1_0.link=? 
        and jo1_0.title=?
2026-06-02 19:39:08 DEBUG [DefaultDispatcher-worker-1] org.hibernate.SQL - 
    /* <criteria> */ select
        jo1_0.id,
        jo1_0.company_name,
        jo1_0.deadline,
        jo1_0.experience,
        jo1_0.link,
        jo1_0.location,
        jo1_0.title 
    from
        job_openings jo1_0 
    where
        jo1_0.link=? 
        and jo1_0.title=?
2026-06-02 19:39:08 DEBUG [DefaultDispatcher-worker-1] org.hibernate.SQL - 
    /* <criteria> */ select
        jo1_0.id,
        jo1_0.company_name,
        jo1_0.deadline,
        jo1_0.experience,
        jo1_0.link,
        jo1_0.location,
        jo1_0.title 
    from
        job_openings jo1_0 
    where
        jo1_0.link=? 
        and jo1_0.title=?
2026-06-02 19:39:08 DEBUG [DefaultDispatcher-worker-1] org.hibernate.SQL - 
    /* <criteria> */ select
        jo1_0.id,
        jo1_0.company_name,
        jo1_0.deadline,
        jo1_0.experience,
        jo1_0.link,
        jo1_0.location,
        jo1_0.title 
    from
        job_openings jo1_0 
    where
        jo1_0.link=? 
        and jo1_0.title=?
2026-06-02 19:39:08 DEBUG [DefaultDispatcher-worker-1] org.hibernate.SQL - 
    /* <criteria> */ select
        jo1_0.id,
        jo1_0.company_name,
        jo1_0.deadline,
        jo1_0.experience,
        jo1_0.link,
        jo1_0.location,
        jo1_0.title 
    from
        job_openings jo1_0 
    where
        jo1_0.link=? 
        and jo1_0.title=?
2026-06-02 19:39:08 DEBUG [DefaultDispatcher-worker-1] org.hibernate.SQL - 
    /* <criteria> */ select
        jo1_0.id,
        jo1_0.company_name,
        jo1_0.deadline,
        jo1_0.experience,
        jo1_0.link,
        jo1_0.location,
        jo1_0.title 
    from
        job_openings jo1_0 
    where
        jo1_0.link=? 
        and jo1_0.title=?
2026-06-02 19:39:08 DEBUG [DefaultDispatcher-worker-1] org.hibernate.SQL - 
    /* <criteria> */ select
        jo1_0.id,
        jo1_0.company_name,
        jo1_0.deadline,
        jo1_0.experience,
        jo1_0.link,
        jo1_0.location,
        jo1_0.title 
    from
        job_openings jo1_0 
    where
        jo1_0.link=? 
        and jo1_0.title=?
2026-06-02 19:39:08 DEBUG [DefaultDispatcher-worker-1] org.hibernate.SQL - 
    /* <criteria> */ select
        jo1_0.id,
        jo1_0.company_name,
        jo1_0.deadline,
        jo1_0.experience,
        jo1_0.link,
        jo1_0.location,
        jo1_0.title 
    from
        job_openings jo1_0 
    where
        jo1_0.link=? 
        and jo1_0.title=?
2026-06-02 19:39:08 DEBUG [DefaultDispatcher-worker-1] org.hibernate.SQL - 
    /* <criteria> */ select
        jo1_0.id,
        jo1_0.company_name,
        jo1_0.deadline,
        jo1_0.experience,
        jo1_0.link,
        jo1_0.location,
        jo1_0.title 
    from
        job_openings jo1_0 
    where
        jo1_0.link=? 
        and jo1_0.title=?
2026-06-02 19:39:08 DEBUG [DefaultDispatcher-worker-1] org.hibernate.SQL - 
    /* <criteria> */ select
        jo1_0.id,
        jo1_0.company_name,
        jo1_0.deadline,
        jo1_0.experience,
        jo1_0.link,
        jo1_0.location,
        jo1_0.title 
    from
        job_openings jo1_0 
    where
        jo1_0.link=? 
        and jo1_0.title=?
2026-06-02 19:39:08 INFO  [DefaultDispatcher-worker-1] c.d.j.job.service.JobSaveService - 💾 청크 저장 결과 -> 신규 등록: 0건, 기존 갱신: 16건
2026-06-02 19:39:57 INFO  [main] c.d.j.JobplanetcrawlerApplicationKt - Starting JobplanetcrawlerApplicationKt using Java 21.0.10 with PID 7956 (C:\Users\HP657\Desktop\Projects\jobkoreacrawler\build\classes\kotlin\main started by HP657 in C:\Users\HP657\Desktop\Projects\jobkoreacrawler)
2026-06-02 19:39:57 INFO  [main] c.d.j.JobplanetcrawlerApplicationKt - No active profile set, falling back to 1 default profile: "default"
2026-06-02 19:39:58 INFO  [main] o.s.d.r.c.RepositoryConfigurationDelegate - Bootstrapping Spring Data JPA repositories in DEFAULT mode.
2026-06-02 19:39:58 INFO  [main] o.s.d.r.c.RepositoryConfigurationDelegate - Finished Spring Data repository scanning in 254 ms. Found 2 JPA repository interfaces.
2026-06-02 19:39:59 INFO  [main] o.s.b.w.e.tomcat.TomcatWebServer - Tomcat initialized with port 8080 (http)
2026-06-02 19:39:59 INFO  [main] o.a.coyote.http11.Http11NioProtocol - Initializing ProtocolHandler ["http-nio-8080"]
2026-06-02 19:39:59 INFO  [main] o.a.catalina.core.StandardService - Starting service [Tomcat]
2026-06-02 19:39:59 INFO  [main] o.a.catalina.core.StandardEngine - Starting Servlet engine: [Apache Tomcat/10.1.55]
2026-06-02 19:39:59 INFO  [main] o.a.c.c.C.[Tomcat].[localhost].[/] - Initializing Spring embedded WebApplicationContext
2026-06-02 19:39:59 INFO  [main] o.s.b.w.s.c.ServletWebServerApplicationContext - Root WebApplicationContext: initialization completed in 2007 ms
2026-06-02 19:39:59 INFO  [main] o.h.jpa.internal.util.LogHelper - HHH000204: Processing PersistenceUnitInfo [name: default]
2026-06-02 19:39:59 INFO  [main] org.hibernate.Version - HHH000412: Hibernate ORM core version 6.6.51.Final
2026-06-02 19:40:00 INFO  [main] o.h.c.i.RegionFactoryInitiator - HHH000026: Second-level cache disabled
2026-06-02 19:40:00 INFO  [main] o.s.o.j.p.SpringPersistenceUnitInfo - No LoadTimeWeaver setup: ignoring JPA class transformer
2026-06-02 19:40:00 INFO  [main] com.zaxxer.hikari.HikariDataSource - HikariPool-1 - Starting...
2026-06-02 19:40:00 INFO  [main] com.zaxxer.hikari.pool.HikariPool - HikariPool-1 - Added connection org.postgresql.jdbc.PgConnection@10f8e2d2
2026-06-02 19:40:00 INFO  [main] com.zaxxer.hikari.HikariDataSource - HikariPool-1 - Start completed.
2026-06-02 19:40:00 WARN  [main] org.hibernate.orm.deprecation - HHH90000025: PostgreSQLDialect does not need to be specified explicitly using 'hibernate.dialect' (remove the property setting and it will be selected by default)
2026-06-02 19:40:00 INFO  [main] o.hibernate.orm.connections.pooling - HHH10001005: Database info:
	Database JDBC URL [Connecting through datasource 'HikariDataSource (HikariPool-1)']
	Database driver: undefined/unknown
	Database version: 17.9
	Autocommit mode: undefined/unknown
	Isolation level: undefined/unknown
	Minimum pool size: undefined/unknown
	Maximum pool size: undefined/unknown
2026-06-02 19:40:01 INFO  [main] o.h.e.t.j.p.i.JtaPlatformInitiator - HHH000489: No JTA platform available (set 'hibernate.transaction.jta.platform' to enable JTA platform integration)
2026-06-02 19:40:02 INFO  [main] o.s.o.j.LocalContainerEntityManagerFactoryBean - Initialized JPA EntityManagerFactory for persistence unit 'default'
2026-06-02 19:40:03 INFO  [main] i.g.bonigarcia.wdm.WebDriverManager - Using chromedriver 148.0.7778.178 (resolved driver for Chrome 148)
2026-06-02 19:40:03 INFO  [main] i.g.bonigarcia.wdm.WebDriverManager - Exporting webdriver.chrome.driver as C:\Users\HP657\.cache\selenium\chromedriver\win64\148.0.7778.178\chromedriver.exe
2026-06-02 19:40:04 WARN  [main] o.o.s.devtools.CdpVersionFinder - Unable to find CDP implementation matching 148
2026-06-02 19:40:04 WARN  [main] o.o.selenium.chromium.ChromiumDriver - Unable to find version of CDP to use for 148.0.7778.179. You may need to include a dependency on a specific version of the CDP using something similar to `org.seleniumhq.selenium:selenium-devtools-v86:4.31.0` where the version ("v86") matches the version of the chromium-based browser you're using and the version number of the artifact is the same as Selenium's.
2026-06-02 19:40:04 WARN  [main] o.s.b.a.o.j.JpaBaseConfiguration$JpaWebConfiguration - spring.jpa.open-in-view is enabled by default. Therefore, database queries may be performed during view rendering. Explicitly configure spring.jpa.open-in-view to disable this warning
2026-06-02 19:40:04 INFO  [main] o.a.coyote.http11.Http11NioProtocol - Starting ProtocolHandler ["http-nio-8080"]
2026-06-02 19:40:04 INFO  [main] o.s.b.w.e.tomcat.TomcatWebServer - Tomcat started on port 8080 (http) with context path '/'
2026-06-02 19:40:04 INFO  [main] c.d.j.JobplanetcrawlerApplicationKt - Started JobplanetcrawlerApplicationKt in 8.032 seconds (process running for 8.533)
2026-06-02 19:41:00 INFO  [DefaultDispatcher-worker-1] i.g.bonigarcia.wdm.WebDriverManager - Using chromedriver 148.0.7778.178 (resolved driver for Chrome 148)
2026-06-02 19:41:00 INFO  [DefaultDispatcher-worker-1] i.g.bonigarcia.wdm.WebDriverManager - Exporting webdriver.chrome.driver as C:\Users\HP657\.cache\selenium\chromedriver\win64\148.0.7778.178\chromedriver.exe
2026-06-02 19:41:01 WARN  [DefaultDispatcher-worker-1] o.o.s.devtools.CdpVersionFinder - Unable to find CDP implementation matching 148
2026-06-02 19:41:01 WARN  [DefaultDispatcher-worker-1] o.o.selenium.chromium.ChromiumDriver - Unable to find version of CDP to use for 148.0.7778.179. You may need to include a dependency on a specific version of the CDP using something similar to `org.seleniumhq.selenium:selenium-devtools-v86:4.31.0` where the version ("v86") matches the version of the chromium-based browser you're using and the version number of the artifact is the same as Selenium's.
2026-06-02 19:41:56 INFO  [main] c.d.j.JobplanetcrawlerApplicationKt - Starting JobplanetcrawlerApplicationKt using Java 21.0.10 with PID 21548 (C:\Users\HP657\Desktop\Projects\jobkoreacrawler\build\classes\kotlin\main started by HP657 in C:\Users\HP657\Desktop\Projects\jobkoreacrawler)
2026-06-02 19:41:56 INFO  [main] c.d.j.JobplanetcrawlerApplicationKt - No active profile set, falling back to 1 default profile: "default"
2026-06-02 19:41:57 INFO  [main] o.s.d.r.c.RepositoryConfigurationDelegate - Bootstrapping Spring Data JPA repositories in DEFAULT mode.
2026-06-02 19:41:57 INFO  [main] o.s.d.r.c.RepositoryConfigurationDelegate - Finished Spring Data repository scanning in 183 ms. Found 2 JPA repository interfaces.
2026-06-02 19:41:58 INFO  [main] o.s.b.w.e.tomcat.TomcatWebServer - Tomcat initialized with port 8080 (http)
2026-06-02 19:41:58 INFO  [main] o.a.coyote.http11.Http11NioProtocol - Initializing ProtocolHandler ["http-nio-8080"]
2026-06-02 19:41:58 INFO  [main] o.a.catalina.core.StandardService - Starting service [Tomcat]
2026-06-02 19:41:58 INFO  [main] o.a.catalina.core.StandardEngine - Starting Servlet engine: [Apache Tomcat/10.1.55]
2026-06-02 19:41:58 INFO  [main] o.a.c.c.C.[Tomcat].[localhost].[/] - Initializing Spring embedded WebApplicationContext
2026-06-02 19:41:58 INFO  [main] o.s.b.w.s.c.ServletWebServerApplicationContext - Root WebApplicationContext: initialization completed in 1577 ms
2026-06-02 19:41:58 INFO  [main] o.h.jpa.internal.util.LogHelper - HHH000204: Processing PersistenceUnitInfo [name: default]
2026-06-02 19:41:58 INFO  [main] org.hibernate.Version - HHH000412: Hibernate ORM core version 6.6.51.Final
2026-06-02 19:41:58 INFO  [main] o.h.c.i.RegionFactoryInitiator - HHH000026: Second-level cache disabled
2026-06-02 19:41:59 INFO  [main] o.s.o.j.p.SpringPersistenceUnitInfo - No LoadTimeWeaver setup: ignoring JPA class transformer
2026-06-02 19:41:59 INFO  [main] com.zaxxer.hikari.HikariDataSource - HikariPool-1 - Starting...
2026-06-02 19:41:59 INFO  [main] com.zaxxer.hikari.pool.HikariPool - HikariPool-1 - Added connection org.postgresql.jdbc.PgConnection@4fa8297b
2026-06-02 19:41:59 INFO  [main] com.zaxxer.hikari.HikariDataSource - HikariPool-1 - Start completed.
2026-06-02 19:41:59 WARN  [main] org.hibernate.orm.deprecation - HHH90000025: PostgreSQLDialect does not need to be specified explicitly using 'hibernate.dialect' (remove the property setting and it will be selected by default)
2026-06-02 19:41:59 INFO  [main] o.hibernate.orm.connections.pooling - HHH10001005: Database info:
	Database JDBC URL [Connecting through datasource 'HikariDataSource (HikariPool-1)']
	Database driver: undefined/unknown
	Database version: 17.9
	Autocommit mode: undefined/unknown
	Isolation level: undefined/unknown
	Minimum pool size: undefined/unknown
	Maximum pool size: undefined/unknown
2026-06-02 19:42:00 INFO  [main] o.h.e.t.j.p.i.JtaPlatformInitiator - HHH000489: No JTA platform available (set 'hibernate.transaction.jta.platform' to enable JTA platform integration)
2026-06-02 19:42:00 INFO  [main] o.s.o.j.LocalContainerEntityManagerFactoryBean - Initialized JPA EntityManagerFactory for persistence unit 'default'
2026-06-02 19:42:01 INFO  [main] i.g.bonigarcia.wdm.WebDriverManager - Using chromedriver 148.0.7778.178 (resolved driver for Chrome 148)
2026-06-02 19:42:01 INFO  [main] i.g.bonigarcia.wdm.WebDriverManager - Exporting webdriver.chrome.driver as C:\Users\HP657\.cache\selenium\chromedriver\win64\148.0.7778.178\chromedriver.exe
2026-06-02 19:42:02 WARN  [main] o.o.s.devtools.CdpVersionFinder - Unable to find CDP implementation matching 148
2026-06-02 19:42:02 WARN  [main] o.o.selenium.chromium.ChromiumDriver - Unable to find version of CDP to use for 148.0.7778.179. You may need to include a dependency on a specific version of the CDP using something similar to `org.seleniumhq.selenium:selenium-devtools-v86:4.31.0` where the version ("v86") matches the version of the chromium-based browser you're using and the version number of the artifact is the same as Selenium's.
2026-06-02 19:42:02 WARN  [main] o.s.b.a.o.j.JpaBaseConfiguration$JpaWebConfiguration - spring.jpa.open-in-view is enabled by default. Therefore, database queries may be performed during view rendering. Explicitly configure spring.jpa.open-in-view to disable this warning
2026-06-02 19:42:03 INFO  [main] o.a.coyote.http11.Http11NioProtocol - Starting ProtocolHandler ["http-nio-8080"]
2026-06-02 19:42:03 INFO  [main] o.s.b.w.e.tomcat.TomcatWebServer - Tomcat started on port 8080 (http) with context path '/'
2026-06-02 19:42:03 INFO  [main] c.d.j.JobplanetcrawlerApplicationKt - Started JobplanetcrawlerApplicationKt in 7.074 seconds (process running for 7.65)
2026-06-02 19:43:00 INFO  [DefaultDispatcher-worker-1] i.g.bonigarcia.wdm.WebDriverManager - Using chromedriver 148.0.7778.178 (resolved driver for Chrome 148)
2026-06-02 19:43:00 INFO  [DefaultDispatcher-worker-1] i.g.bonigarcia.wdm.WebDriverManager - Exporting webdriver.chrome.driver as C:\Users\HP657\.cache\selenium\chromedriver\win64\148.0.7778.178\chromedriver.exe
2026-06-02 19:43:00 WARN  [DefaultDispatcher-worker-1] o.o.s.devtools.CdpVersionFinder - Unable to find CDP implementation matching 148
2026-06-02 19:43:00 WARN  [DefaultDispatcher-worker-1] o.o.selenium.chromium.ChromiumDriver - Unable to find version of CDP to use for 148.0.7778.179. You may need to include a dependency on a specific version of the CDP using something similar to `org.seleniumhq.selenium:selenium-devtools-v86:4.31.0` where the version ("v86") matches the version of the chromium-based browser you're using and the version number of the artifact is the same as Selenium's.
